# JRE version: OpenJDK Runtime Environment (8.0_152-b01) (build 1.8.0_152-release-1248-b01)
# Java VM: OpenJDK 64-Bit Server VM (25.152-b01 mixed mode windows-amd64 compressed oops)
Heap:
 PSYoungGen      total 176128K, used 60298K [0x00000000e0000000, 0x00000000ee000000, 0x0000000100000000)
  eden space 159744K, 30% used [0x00000000e0000000,0x00000000e303aad8,0x00000000e9c00000)
  from space 16384K, 66% used [0x00000000e9c00000,0x00000000ea6a8068,0x00000000eac00000)
  to   space 16896K, 0% used [0x00000000ecf80000,0x00000000ecf80000,0x00000000ee000000)
 ParOldGen       total 77824K, used 53398K [0x00000000a0000000, 0x00000000a4c00000, 0x00000000e0000000)
  object space 77824K, 68% used [0x00000000a0000000,0x00000000a34259b8,0x00000000a4c00000)
 Metaspace       used 79975K, capacity 82928K, committed 83072K, reserved 1122304K
  class space    used 10476K, capacity 11119K, committed 11136K, reserved 1048576K
GC Heap History (10 events):
Event: 21.159 GC heap before
{Heap before GC invocations=20 (full 3):
 PSYoungGen      total 139776K, used 128512K [0x00000000e0000000, 0x00000000e9f00000, 0x0000000100000000)
  eden space 128512K, 100% used [0x00000000e0000000,0x00000000e7d80000,0x00000000e7d80000)
  from space 11264K, 0% used [0x00000000e8a00000,0x00000000e8a00000,0x00000000e9500000)
  to   space 12800K, 0% used [0x00000000e7d80000,0x00000000e7d80000,0x00000000e8a00000)
 ParOldGen       total 77824K, used 33971K [0x00000000a0000000, 0x00000000a4c00000, 0x00000000e0000000)
  object space 77824K, 43% used [0x00000000a0000000,0x00000000a212cc40,0x00000000a4c00000)
 Metaspace       used 62259K, capacity 63878K, committed 64128K, reserved 1103872K
  class space    used 8333K, capacity 8770K, committed 8832K, reserved 1048576K
Event: 21.200 GC heap after
Heap after GC invocations=20 (full 3):
 PSYoungGen      total 141312K, used 12794K [0x00000000e0000000, 0x00000000ead80000, 0x0000000100000000)
  eden space 128512K, 0% used [0x00000000e0000000,0x00000000e0000000,0x00000000e7d80000)
  from space 12800K, 99% used [0x00000000e7d80000,0x00000000e89fe9e0,0x00000000e8a00000)
  to   space 15872K, 0% used [0x00000000e9e00000,0x00000000e9e00000,0x00000000ead80000)
 ParOldGen       total 77824K, used 37078K [0x00000000a0000000, 0x00000000a4c00000, 0x00000000e0000000)
  object space 77824K, 47% used [0x00000000a0000000,0x00000000a2435ac8,0x00000000a4c00000)
 Metaspace       used 62259K, capacity 63878K, committed 64128K, reserved 1103872K
  class space    used 8333K, capacity 8770K, committed 8832K, reserved 1048576K
}
Event: 28.958 GC heap before
{Heap before GC invocations=21 (full 3):
 PSYoungGen      total 141312K, used 141306K [0x00000000e0000000, 0x00000000ead80000, 0x0000000100000000)
  eden space 128512K, 100% used [0x00000000e0000000,0x00000000e7d80000,0x00000000e7d80000)
  from space 12800K, 99% used [0x00000000e7d80000,0x00000000e89fe9e0,0x00000000e8a00000)
  to   space 15872K, 0% used [0x00000000e9e00000,0x00000000e9e00000,0x00000000ead80000)
 ParOldGen       total 77824K, used 37078K [0x00000000a0000000, 0x00000000a4c00000, 0x00000000e0000000)
  object space 77824K, 47% used [0x00000000a0000000,0x00000000a2435ac8,0x00000000a4c00000)
 Metaspace       used 67748K, capacity 69376K, committed 69632K, reserved 1110016K
  class space    used 9001K, capacity 9427K, committed 9472K, reserved 1048576K
Event: 29.001 GC heap after
Heap after GC invocations=21 (full 3):
 PSYoungGen      total 159744K, used 13380K [0x00000000e0000000, 0x00000000eae80000, 0x0000000100000000)
  eden space 143872K, 0% used [0x00000000e0000000,0x00000000e0000000,0x00000000e8c80000)
  from space 15872K, 84% used [0x00000000e9e00000,0x00000000eab11180,0x00000000ead80000)
  to   space 17408K, 0% used [0x00000000e8c80000,0x00000000e8c80000,0x00000000e9d80000)
 ParOldGen       total 77824K, used 49192K [0x00000000a0000000, 0x00000000a4c00000, 0x00000000e0000000)
  object space 77824K, 63% used [0x00000000a0000000,0x00000000a300a330,0x00000000a4c00000)
 Metaspace       used 67748K, capacity 69376K, committed 69632K, reserved 1110016K
  class space    used 9001K, capacity 9427K, committed 9472K, reserved 1048576K
}
Event: 33.276 GC heap before
{Heap before GC invocations=22 (full 3):
 PSYoungGen      total 159744K, used 157094K [0x00000000e0000000, 0x00000000eae80000, 0x0000000100000000)
  eden space 143872K, 99% used [0x00000000e0000000,0x00000000e8c58988,0x00000000e8c80000)
  from space 15872K, 84% used [0x00000000e9e00000,0x00000000eab11180,0x00000000ead80000)
  to   space 17408K, 0% used [0x00000000e8c80000,0x00000000e8c80000,0x00000000e9d80000)
 ParOldGen       total 77824K, used 49192K [0x00000000a0000000, 0x00000000a4c00000, 0x00000000e0000000)
  object space 77824K, 63% used [0x00000000a0000000,0x00000000a300a330,0x00000000a4c00000)
 Metaspace       used 70574K, capacity 72272K, committed 72576K, reserved 1112064K
  class space    used 9269K, capacity 9729K, committed 9856K, reserved 1048576K
Event: 33.302 GC heap after
Heap after GC invocations=22 (full 3):
 PSYoungGen      total 161280K, used 9445K [0x00000000e0000000, 0x00000000ebc80000, 0x0000000100000000)
  eden space 143872K, 0% used [0x00000000e0000000,0x00000000e0000000,0x00000000e8c80000)
  from space 17408K, 54% used [0x00000000e8c80000,0x00000000e95b9658,0x00000000e9d80000)
  to   space 16896K, 0% used [0x00000000eac00000,0x00000000eac00000,0x00000000ebc80000)
 ParOldGen       total 77824K, used 49208K [0x00000000a0000000, 0x00000000a4c00000, 0x00000000e0000000)
  object space 77824K, 63% used [0x00000000a0000000,0x00000000a300e330,0x00000000a4c00000)
 Metaspace       used 70574K, capacity 72272K, committed 72576K, reserved 1112064K
  class space    used 9269K, capacity 9729K, committed 9856K, reserved 1048576K
}
Event: 33.352 GC heap before
{Heap before GC invocations=23 (full 3):
 PSYoungGen      total 161280K, used 152575K [0x00000000e0000000, 0x00000000ebc80000, 0x0000000100000000)
  eden space 143872K, 99% used [0x00000000e0000000,0x00000000e8bc68e8,0x00000000e8c80000)
  from space 17408K, 54% used [0x00000000e8c80000,0x00000000e95b9658,0x00000000e9d80000)
  to   space 16896K, 0% used [0x00000000eac00000,0x00000000eac00000,0x00000000ebc80000)
 ParOldGen       total 77824K, used 49208K [0x00000000a0000000, 0x00000000a4c00000, 0x00000000e0000000)
  object space 77824K, 63% used [0x00000000a0000000,0x00000000a300e330,0x00000000a4c00000)
 Metaspace       used 70582K, capacity 72272K, committed 72576K, reserved 1112064K
  class space    used 9269K, capacity 9729K, committed 9856K, reserved 1048576K
Event: 33.365 GC heap after
Heap after GC invocations=23 (full 3):
 PSYoungGen      total 176640K, used 5007K [0x00000000e0000000, 0x00000000ecf80000, 0x0000000100000000)
  eden space 159744K, 0% used [0x00000000e0000000,0x00000000e0000000,0x00000000e9c00000)
  from space 16896K, 29% used [0x00000000eac00000,0x00000000eb0e3f60,0x00000000ebc80000)
  to   space 16384K, 0% used [0x00000000e9c00000,0x00000000e9c00000,0x00000000eac00000)
 ParOldGen       total 77824K, used 49216K [0x00000000a0000000, 0x00000000a4c00000, 0x00000000e0000000)
  object space 77824K, 63% used [0x00000000a0000000,0x00000000a3010330,0x00000000a4c00000)
 Metaspace       used 70582K, capacity 72272K, committed 72576K, reserved 1112064K
  class space    used 9269K, capacity 9729K, committed 9856K, reserved 1048576K
}
Event: 37.720 GC heap before
{Heap before GC invocations=24 (full 3):
 PSYoungGen      total 176640K, used 164751K [0x00000000e0000000, 0x00000000ecf80000, 0x0000000100000000)
  eden space 159744K, 100% used [0x00000000e0000000,0x00000000e9c00000,0x00000000e9c00000)
  from space 16896K, 29% used [0x00000000eac00000,0x00000000eb0e3f60,0x00000000ebc80000)
  to   space 16384K, 0% used [0x00000000e9c00000,0x00000000e9c00000,0x00000000eac00000)
 ParOldGen       total 77824K, used 49216K [0x00000000a0000000, 0x00000000a4c00000, 0x00000000e0000000)
  object space 77824K, 63% used [0x00000000a0000000,0x00000000a3010330,0x00000000a4c00000)
 Metaspace       used 78070K, capacity 80530K, committed 80768K, reserved 1120256K
  class space    used 10249K, capacity 10796K, committed 10880K, reserved 1048576K
Event: 37.743 GC heap after
Heap after GC invocations=24 (full 3):
 PSYoungGen      total 176128K, used 10912K [0x00000000e0000000, 0x00000000ee000000, 0x0000000100000000)
  eden space 159744K, 0% used [0x00000000e0000000,0x00000000e0000000,0x00000000e9c00000)
  from space 16384K, 66% used [0x00000000e9c00000,0x00000000ea6a8068,0x00000000eac00000)
  to   space 16896K, 0% used [0x00000000ecf80000,0x00000000ecf80000,0x00000000ee000000)
 ParOldGen       total 77824K, used 53398K [0x00000000a0000000, 0x00000000a4c00000, 0x00000000e0000000)
  object space 77824K, 68% used [0x00000000a0000000,0x00000000a34259b8,0x00000000a4c00000)
 Metaspace       used 78070K, capacity 80530K, committed 80768K, reserved 1120256K
  class space    used 10249K, capacity 10796K, committed 10880K, reserved 1048576K
}

