# JRE version: OpenJDK Runtime Environment (8.0_152-b01) (build 1.8.0_152-release-1248-b01)
# Java VM: OpenJDK 64-Bit Server VM (25.152-b01 mixed mode windows-amd64 compressed oops)
Heap:
 PSYoungGen      total 238592K, used 81386K [0x00000000e0000000, 0x00000000f2080000, 0x0000000100000000)
  eden space 209408K, 30% used [0x00000000e0000000,0x00000000e3eb7af0,0x00000000ecc80000)
  from space 29184K, 58% used [0x00000000ecc80000,0x00000000edd42eb8,0x00000000ee900000)
  to   space 29696K, 0% used [0x00000000f0380000,0x00000000f0380000,0x00000000f2080000)
 ParOldGen       total 85504K, used 48236K [0x00000000a0000000, 0x00000000a5380000, 0x00000000e0000000)
  object space 85504K, 56% used [0x00000000a0000000,0x00000000a2f1b0f0,0x00000000a5380000)
 Metaspace       used 79090K, capacity 81888K, committed 82048K, reserved 1120256K
  class space    used 10474K, capacity 11049K, committed 11136K, reserved 1048576K
GC Heap History (10 events):
Event: 17.995 GC heap before
{Heap before GC invocations=17 (full 3):
 PSYoungGen      total 187392K, used 13812K [0x00000000e0000000, 0x00000000ed380000, 0x0000000100000000)
  eden space 173568K, 0% used [0x00000000e0000000,0x00000000e0000000,0x00000000ea980000)
  from space 13824K, 99% used [0x00000000ebc80000,0x00000000ec9fd300,0x00000000eca00000)
  to   space 19456K, 0% used [0x00000000ea980000,0x00000000ea980000,0x00000000ebc80000)
 ParOldGen       total 48128K, used 33980K [0x00000000a0000000, 0x00000000a2f00000, 0x00000000e0000000)
  object space 48128K, 70% used [0x00000000a0000000,0x00000000a212f130,0x00000000a2f00000)
 Metaspace       used 57396K, capacity 58924K, committed 59008K, reserved 1099776K
  class space    used 7836K, capacity 8251K, committed 8320K, reserved 1048576K
Event: 18.451 GC heap after
Heap after GC invocations=17 (full 3):
 PSYoungGen      total 187392K, used 0K [0x00000000e0000000, 0x00000000ed380000, 0x0000000100000000)
  eden space 173568K, 0% used [0x00000000e0000000,0x00000000e0000000,0x00000000ea980000)
  from space 13824K, 0% used [0x00000000ebc80000,0x00000000ebc80000,0x00000000eca00000)
  to   space 19456K, 0% used [0x00000000ea980000,0x00000000ea980000,0x00000000ebc80000)
 ParOldGen       total 85504K, used 36843K [0x00000000a0000000, 0x00000000a5380000, 0x00000000e0000000)
  object space 85504K, 43% used [0x00000000a0000000,0x00000000a23facf0,0x00000000a5380000)
 Metaspace       used 57396K, capacity 58924K, committed 59008K, reserved 1099776K
  class space    used 7836K, capacity 8251K, committed 8320K, reserved 1048576K
}
Event: 23.544 GC heap before
{Heap before GC invocations=18 (full 3):
 PSYoungGen      total 187392K, used 173446K [0x00000000e0000000, 0x00000000ed380000, 0x0000000100000000)
  eden space 173568K, 99% used [0x00000000e0000000,0x00000000ea961ba0,0x00000000ea980000)
  from space 13824K, 0% used [0x00000000ebc80000,0x00000000ebc80000,0x00000000eca00000)
  to   space 19456K, 0% used [0x00000000ea980000,0x00000000ea980000,0x00000000ebc80000)
 ParOldGen       total 85504K, used 36843K [0x00000000a0000000, 0x00000000a5380000, 0x00000000e0000000)
  object space 85504K, 43% used [0x00000000a0000000,0x00000000a23facf0,0x00000000a5380000)
 Metaspace       used 63411K, capacity 65308K, committed 65536K, reserved 1105920K
  class space    used 8607K, capacity 9095K, committed 9216K, reserved 1048576K
Event: 23.644 GC heap after
Heap after GC invocations=18 (full 3):
 PSYoungGen      total 193024K, used 19453K [0x00000000e0000000, 0x00000000f0780000, 0x0000000100000000)
  eden space 173568K, 0% used [0x00000000e0000000,0x00000000e0000000,0x00000000ea980000)
  from space 19456K, 99% used [0x00000000ea980000,0x00000000ebc7f7b8,0x00000000ebc80000)
  to   space 29696K, 0% used [0x00000000eea80000,0x00000000eea80000,0x00000000f0780000)
 ParOldGen       total 85504K, used 55867K [0x00000000a0000000, 0x00000000a5380000, 0x00000000e0000000)
  object space 85504K, 65% used [0x00000000a0000000,0x00000000a368ed40,0x00000000a5380000)
 Metaspace       used 63411K, capacity 65308K, committed 65536K, reserved 1105920K
  class space    used 8607K, capacity 9095K, committed 9216K, reserved 1048576K
}
Event: 26.575 GC heap before
{Heap before GC invocations=19 (full 3):
 PSYoungGen      total 193024K, used 193021K [0x00000000e0000000, 0x00000000f0780000, 0x0000000100000000)
  eden space 173568K, 100% used [0x00000000e0000000,0x00000000ea980000,0x00000000ea980000)
  from space 19456K, 99% used [0x00000000ea980000,0x00000000ebc7f7b8,0x00000000ebc80000)
  to   space 29696K, 0% used [0x00000000eea80000,0x00000000eea80000,0x00000000f0780000)
 ParOldGen       total 85504K, used 55899K [0x00000000a0000000, 0x00000000a5380000, 0x00000000e0000000)
  object space 85504K, 65% used [0x00000000a0000000,0x00000000a3696d50,0x00000000a5380000)
 Metaspace       used 66063K, capacity 68336K, committed 68480K, reserved 1107968K
  class space    used 8934K, capacity 9487K, committed 9600K, reserved 1048576K
Event: 26.635 GC heap after
Heap after GC invocations=19 (full 3):
 PSYoungGen      total 237056K, used 14188K [0x00000000e0000000, 0x00000000f0580000, 0x0000000100000000)
  eden space 209408K, 0% used [0x00000000e0000000,0x00000000e0000000,0x00000000ecc80000)
  from space 27648K, 51% used [0x00000000eea80000,0x00000000ef85b260,0x00000000f0580000)
  to   space 29184K, 0% used [0x00000000ecc80000,0x00000000ecc80000,0x00000000ee900000)
 ParOldGen       total 85504K, used 71968K [0x00000000a0000000, 0x00000000a5380000, 0x00000000e0000000)
  object space 85504K, 84% used [0x00000000a0000000,0x00000000a4648088,0x00000000a5380000)
 Metaspace       used 66063K, capacity 68336K, committed 68480K, reserved 1107968K
  class space    used 8934K, capacity 9487K, committed 9600K, reserved 1048576K
}
Event: 26.635 GC heap before
{Heap before GC invocations=20 (full 4):
 PSYoungGen      total 237056K, used 14188K [0x00000000e0000000, 0x00000000f0580000, 0x0000000100000000)
  eden space 209408K, 0% used [0x00000000e0000000,0x00000000e0000000,0x00000000ecc80000)
  from space 27648K, 51% used [0x00000000eea80000,0x00000000ef85b260,0x00000000f0580000)
  to   space 29184K, 0% used [0x00000000ecc80000,0x00000000ecc80000,0x00000000ee900000)
 ParOldGen       total 85504K, used 71968K [0x00000000a0000000, 0x00000000a5380000, 0x00000000e0000000)
  object space 85504K, 84% used [0x00000000a0000000,0x00000000a4648088,0x00000000a5380000)
 Metaspace       used 66063K, capacity 68336K, committed 68480K, reserved 1107968K
  class space    used 8934K, capacity 9487K, committed 9600K, reserved 1048576K
Event: 26.777 GC heap after
Heap after GC invocations=20 (full 4):
 PSYoungGen      total 237056K, used 0K [0x00000000e0000000, 0x00000000f0580000, 0x0000000100000000)
  eden space 209408K, 0% used [0x00000000e0000000,0x00000000e0000000,0x00000000ecc80000)
  from space 27648K, 0% used [0x00000000eea80000,0x00000000eea80000,0x00000000f0580000)
  to   space 29184K, 0% used [0x00000000ecc80000,0x00000000ecc80000,0x00000000ee900000)
 ParOldGen       total 85504K, used 48225K [0x00000000a0000000, 0x00000000a5380000, 0x00000000e0000000)
  object space 85504K, 56% used [0x00000000a0000000,0x00000000a2f18720,0x00000000a5380000)
 Metaspace       used 66039K, capacity 68276K, committed 68480K, reserved 1107968K
  class space    used 8925K, capacity 9471K, committed 9600K, reserved 1048576K
}
Event: 919.120 GC heap before
{Heap before GC invocations=21 (full 4):
 PSYoungGen      total 237056K, used 209408K [0x00000000e0000000, 0x00000000f0580000, 0x0000000100000000)
  eden space 209408K, 100% used [0x00000000e0000000,0x00000000ecc80000,0x00000000ecc80000)
  from space 27648K, 0% used [0x00000000eea80000,0x00000000eea80000,0x00000000f0580000)
  to   space 29184K, 0% used [0x00000000ecc80000,0x00000000ecc80000,0x00000000ee900000)
 ParOldGen       total 85504K, used 48228K [0x00000000a0000000, 0x00000000a5380000, 0x00000000e0000000)
  object space 85504K, 56% used [0x00000000a0000000,0x00000000a2f190f0,0x00000000a5380000)
 Metaspace       used 78979K, capacity 81752K, committed 82048K, reserved 1120256K
  class space    used 10462K, capacity 11049K, committed 11136K, reserved 1048576K
Event: 919.169 GC heap after
Heap after GC invocations=21 (full 4):
 PSYoungGen      total 238592K, used 17163K [0x00000000e0000000, 0x00000000f2080000, 0x0000000100000000)
  eden space 209408K, 0% used [0x00000000e0000000,0x00000000e0000000,0x00000000ecc80000)
  from space 29184K, 58% used [0x00000000ecc80000,0x00000000edd42eb8,0x00000000ee900000)
  to   space 29696K, 0% used [0x00000000f0380000,0x00000000f0380000,0x00000000f2080000)
 ParOldGen       total 85504K, used 48236K [0x00000000a0000000, 0x00000000a5380000, 0x00000000e0000000)
  object space 85504K, 56% used [0x00000000a0000000,0x00000000a2f1b0f0,0x00000000a5380000)
 Metaspace       used 78979K, capacity 81752K, committed 82048K, reserved 1120256K
  class space    used 10462K, capacity 11049K, committed 11136K, reserved 1048576K
}

