# JRE version: OpenJDK Runtime Environment (8.0_152-b01) (build 1.8.0_152-release-1248-b01)
# Java VM: OpenJDK 64-Bit Server VM (25.152-b01 mixed mode windows-amd64 compressed oops)
Heap:
 PSYoungGen      total 132608K, used 20391K [0x00000000e0000000, 0x00000000e9d00000, 0x0000000100000000)
  eden space 121856K, 16% used [0x00000000e0000000,0x00000000e13e9f70,0x00000000e7700000)
  from space 10752K, 0% used [0x00000000e8480000,0x00000000e8480000,0x00000000e8f00000)
  to   space 13824K, 0% used [0x00000000e7700000,0x00000000e7700000,0x00000000e8480000)
 ParOldGen       total 80384K, used 34236K [0x00000000a0000000, 0x00000000a4e80000, 0x00000000e0000000)
  object space 80384K, 42% used [0x00000000a0000000,0x00000000a216f300,0x00000000a4e80000)
 Metaspace       used 58122K, capacity 59732K, committed 59904K, reserved 1101824K
  class space    used 7940K, capacity 8333K, committed 8448K, reserved 1048576K
GC Heap History (10 events):
Event: 12.811 GC heap before
{Heap before GC invocations=15 (full 2):
 PSYoungGen      total 82432K, used 6612K [0x00000000e0000000, 0x00000000e7b00000, 0x0000000100000000)
  eden space 75776K, 0% used [0x00000000e0000000,0x00000000e0000000,0x00000000e4a00000)
  from space 6656K, 99% used [0x00000000e4a00000,0x00000000e5075238,0x00000000e5080000)
  to   space 7680K, 0% used [0x00000000e7380000,0x00000000e7380000,0x00000000e7b00000)
 ParOldGen       total 29184K, used 11489K [0x00000000a0000000, 0x00000000a1c80000, 0x00000000e0000000)
  object space 29184K, 39% used [0x00000000a0000000,0x00000000a0b38750,0x00000000a1c80000)
 Metaspace       used 34681K, capacity 35262K, committed 35416K, reserved 1079296K
  class space    used 4826K, capacity 5065K, committed 5120K, reserved 1048576K
Event: 13.028 GC heap after
Heap after GC invocations=15 (full 2):
 PSYoungGen      total 82432K, used 0K [0x00000000e0000000, 0x00000000e7b00000, 0x0000000100000000)
  eden space 75776K, 0% used [0x00000000e0000000,0x00000000e0000000,0x00000000e4a00000)
  from space 6656K, 0% used [0x00000000e4a00000,0x00000000e4a00000,0x00000000e5080000)
  to   space 7680K, 0% used [0x00000000e7380000,0x00000000e7380000,0x00000000e7b00000)
 ParOldGen       total 49152K, used 17584K [0x00000000a0000000, 0x00000000a3000000, 0x00000000e0000000)
  object space 49152K, 35% used [0x00000000a0000000,0x00000000a112c120,0x00000000a3000000)
 Metaspace       used 34681K, capacity 35262K, committed 35416K, reserved 1079296K
  class space    used 4826K, capacity 5065K, committed 5120K, reserved 1048576K
}
Event: 14.986 GC heap before
{Heap before GC invocations=16 (full 2):
 PSYoungGen      total 82432K, used 75776K [0x00000000e0000000, 0x00000000e7b00000, 0x0000000100000000)
  eden space 75776K, 100% used [0x00000000e0000000,0x00000000e4a00000,0x00000000e4a00000)
  from space 6656K, 0% used [0x00000000e4a00000,0x00000000e4a00000,0x00000000e5080000)
  to   space 7680K, 0% used [0x00000000e7380000,0x00000000e7380000,0x00000000e7b00000)
 ParOldGen       total 49152K, used 17584K [0x00000000a0000000, 0x00000000a3000000, 0x00000000e0000000)
  object space 49152K, 35% used [0x00000000a0000000,0x00000000a112c120,0x00000000a3000000)
 Metaspace       used 42057K, capacity 42762K, committed 43136K, reserved 1087488K
  class space    used 5686K, capacity 5952K, committed 6016K, reserved 1048576K
Event: 15.006 GC heap after
Heap after GC invocations=16 (full 2):
 PSYoungGen      total 105984K, used 7668K [0x00000000e0000000, 0x00000000e7b00000, 0x0000000100000000)
  eden space 98304K, 0% used [0x00000000e0000000,0x00000000e0000000,0x00000000e6000000)
  from space 7680K, 99% used [0x00000000e7380000,0x00000000e7afd080,0x00000000e7b00000)
  to   space 10240K, 0% used [0x00000000e6700000,0x00000000e6700000,0x00000000e7100000)
 ParOldGen       total 49152K, used 21978K [0x00000000a0000000, 0x00000000a3000000, 0x00000000e0000000)
  object space 49152K, 44% used [0x00000000a0000000,0x00000000a1576910,0x00000000a3000000)
 Metaspace       used 42057K, capacity 42762K, committed 43136K, reserved 1087488K
  class space    used 5686K, capacity 5952K, committed 6016K, reserved 1048576K
}
Event: 17.707 GC heap before
{Heap before GC invocations=17 (full 2):
 PSYoungGen      total 105984K, used 105972K [0x00000000e0000000, 0x00000000e7b00000, 0x0000000100000000)
  eden space 98304K, 100% used [0x00000000e0000000,0x00000000e6000000,0x00000000e6000000)
  from space 7680K, 99% used [0x00000000e7380000,0x00000000e7afd080,0x00000000e7b00000)
  to   space 10240K, 0% used [0x00000000e6700000,0x00000000e6700000,0x00000000e7100000)
 ParOldGen       total 49152K, used 21978K [0x00000000a0000000, 0x00000000a3000000, 0x00000000e0000000)
  object space 49152K, 44% used [0x00000000a0000000,0x00000000a1576910,0x00000000a3000000)
 Metaspace       used 49974K, capacity 51068K, committed 51328K, reserved 1093632K
  class space    used 6709K, capacity 7033K, committed 7040K, reserved 1048576K
Event: 17.734 GC heap after
Heap after GC invocations=17 (full 2):
 PSYoungGen      total 115712K, used 8465K [0x00000000e0000000, 0x00000000e8f00000, 0x0000000100000000)
  eden space 105472K, 0% used [0x00000000e0000000,0x00000000e0000000,0x00000000e6700000)
  from space 10240K, 82% used [0x00000000e6700000,0x00000000e6f444b0,0x00000000e7100000)
  to   space 10752K, 0% used [0x00000000e8480000,0x00000000e8480000,0x00000000e8f00000)
 ParOldGen       total 49152K, used 28406K [0x00000000a0000000, 0x00000000a3000000, 0x00000000e0000000)
  object space 49152K, 57% used [0x00000000a0000000,0x00000000a1bbdab8,0x00000000a3000000)
 Metaspace       used 49974K, capacity 51068K, committed 51328K, reserved 1093632K
  class space    used 6709K, capacity 7033K, committed 7040K, reserved 1048576K
}
Event: 20.161 GC heap before
{Heap before GC invocations=18 (full 2):
 PSYoungGen      total 115712K, used 103230K [0x00000000e0000000, 0x00000000e8f00000, 0x0000000100000000)
  eden space 105472K, 89% used [0x00000000e0000000,0x00000000e5c8b5c8,0x00000000e6700000)
  from space 10240K, 82% used [0x00000000e6700000,0x00000000e6f444b0,0x00000000e7100000)
  to   space 10752K, 0% used [0x00000000e8480000,0x00000000e8480000,0x00000000e8f00000)
 ParOldGen       total 49152K, used 28406K [0x00000000a0000000, 0x00000000a3000000, 0x00000000e0000000)
  object space 49152K, 57% used [0x00000000a0000000,0x00000000a1bbdab8,0x00000000a3000000)
 Metaspace       used 57386K, capacity 58922K, committed 59008K, reserved 1099776K
  class space    used 7844K, capacity 8262K, committed 8320K, reserved 1048576K
Event: 20.204 GC heap after
Heap after GC invocations=18 (full 2):
 PSYoungGen      total 132608K, used 10745K [0x00000000e0000000, 0x00000000e9d00000, 0x0000000100000000)
  eden space 121856K, 0% used [0x00000000e0000000,0x00000000e0000000,0x00000000e7700000)
  from space 10752K, 99% used [0x00000000e8480000,0x00000000e8efe728,0x00000000e8f00000)
  to   space 13824K, 0% used [0x00000000e7700000,0x00000000e7700000,0x00000000e8480000)
 ParOldGen       total 49152K, used 32067K [0x00000000a0000000, 0x00000000a3000000, 0x00000000e0000000)
  object space 49152K, 65% used [0x00000000a0000000,0x00000000a1f50d28,0x00000000a3000000)
 Metaspace       used 57386K, capacity 58922K, committed 59008K, reserved 1099776K
  class space    used 7844K, capacity 8262K, committed 8320K, reserved 1048576K
}
Event: 20.204 GC heap before
{Heap before GC invocations=19 (full 3):
 PSYoungGen      total 132608K, used 10745K [0x00000000e0000000, 0x00000000e9d00000, 0x0000000100000000)
  eden space 121856K, 0% used [0x00000000e0000000,0x00000000e0000000,0x00000000e7700000)
  from space 10752K, 99% used [0x00000000e8480000,0x00000000e8efe728,0x00000000e8f00000)
  to   space 13824K, 0% used [0x00000000e7700000,0x00000000e7700000,0x00000000e8480000)
 ParOldGen       total 49152K, used 32067K [0x00000000a0000000, 0x00000000a3000000, 0x00000000e0000000)
  object space 49152K, 65% used [0x00000000a0000000,0x00000000a1f50d28,0x00000000a3000000)
 Metaspace       used 57386K, capacity 58922K, committed 59008K, reserved 1099776K
  class space    used 7844K, capacity 8262K, committed 8320K, reserved 1048576K
Event: 20.716 GC heap after
Heap after GC invocations=19 (full 3):
 PSYoungGen      total 132608K, used 0K [0x00000000e0000000, 0x00000000e9d00000, 0x0000000100000000)
  eden space 121856K, 0% used [0x00000000e0000000,0x00000000e0000000,0x00000000e7700000)
  from space 10752K, 0% used [0x00000000e8480000,0x00000000e8480000,0x00000000e8f00000)
  to   space 13824K, 0% used [0x00000000e7700000,0x00000000e7700000,0x00000000e8480000)
 ParOldGen       total 80384K, used 34236K [0x00000000a0000000, 0x00000000a4e80000, 0x00000000e0000000)
  object space 80384K, 42% used [0x00000000a0000000,0x00000000a216f300,0x00000000a4e80000)
 Metaspace       used 57386K, capacity 58922K, committed 59008K, reserved 1099776K
  class space    used 7844K, capacity 8262K, committed 8320K, reserved 1048576K
}

