# JRE version: OpenJDK Runtime Environment (8.0_152-b01) (build 1.8.0_152-release-1248-b01)
# Java VM: OpenJDK 64-Bit Server VM (25.152-b01 mixed mode windows-amd64 compressed oops)
Heap:
 PSYoungGen      total 439296K, used 109492K [0x00000000e0000000, 0x00000000feb00000, 0x0000000100000000)
  eden space 387072K, 23% used [0x00000000e0000000,0x00000000e5907878,0x00000000f7a00000)
  from space 52224K, 35% used [0x00000000fab00000,0x00000000fbce5b78,0x00000000fde00000)
  to   space 50176K, 0% used [0x00000000f7a00000,0x00000000f7a00000,0x00000000fab00000)
 ParOldGen       total 140800K, used 47152K [0x00000000a0000000, 0x00000000a8980000, 0x00000000e0000000)
  object space 140800K, 33% used [0x00000000a0000000,0x00000000a2e0c388,0x00000000a8980000)
 Metaspace       used 92991K, capacity 98612K, committed 98688K, reserved 1134592K
  class space    used 11601K, capacity 12609K, committed 12672K, reserved 1048576K
GC Heap History (10 events):
Event: 3474.190 GC heap before
{Heap before GC invocations=53 (full 5):
 PSYoungGen      total 420352K, used 386948K [0x00000000e0000000, 0x00000000fcb80000, 0x0000000100000000)
  eden space 375808K, 100% used [0x00000000e0000000,0x00000000f6f00000,0x00000000f6f00000)
  from space 44544K, 25% used [0x00000000f6f00000,0x00000000f79e1288,0x00000000f9a80000)
  to   space 43520K, 0% used [0x00000000fa100000,0x00000000fa100000,0x00000000fcb80000)
 ParOldGen       total 140800K, used 47136K [0x00000000a0000000, 0x00000000a8980000, 0x00000000e0000000)
  object space 140800K, 33% used [0x00000000a0000000,0x00000000a2e08388,0x00000000a8980000)
 Metaspace       used 91330K, capacity 95328K, committed 96000K, reserved 1132544K
  class space    used 11350K, capacity 12117K, committed 12288K, reserved 1048576K
Event: 3474.219 GC heap after
Heap after GC invocations=53 (full 5):
 PSYoungGen      total 421888K, used 15160K [0x00000000e0000000, 0x00000000fc780000, 0x0000000100000000)
  eden space 382464K, 0% used [0x00000000e0000000,0x00000000e0000000,0x00000000f7580000)
  from space 39424K, 38% used [0x00000000fa100000,0x00000000fafce158,0x00000000fc780000)
  to   space 41984K, 0% used [0x00000000f7580000,0x00000000f7580000,0x00000000f9e80000)
 ParOldGen       total 140800K, used 47136K [0x00000000a0000000, 0x00000000a8980000, 0x00000000e0000000)
  object space 140800K, 33% used [0x00000000a0000000,0x00000000a2e08388,0x00000000a8980000)
 Metaspace       used 91330K, capacity 95328K, committed 96000K, reserved 1132544K
  class space    used 11350K, capacity 12117K, committed 12288K, reserved 1048576K
}
Event: 3739.456 GC heap before
{Heap before GC invocations=54 (full 5):
 PSYoungGen      total 421888K, used 397624K [0x00000000e0000000, 0x00000000fc780000, 0x0000000100000000)
  eden space 382464K, 100% used [0x00000000e0000000,0x00000000f7580000,0x00000000f7580000)
  from space 39424K, 38% used [0x00000000fa100000,0x00000000fafce158,0x00000000fc780000)
  to   space 41984K, 0% used [0x00000000f7580000,0x00000000f7580000,0x00000000f9e80000)
 ParOldGen       total 140800K, used 47136K [0x00000000a0000000, 0x00000000a8980000, 0x00000000e0000000)
  object space 140800K, 33% used [0x00000000a0000000,0x00000000a2e08388,0x00000000a8980000)
 Metaspace       used 92344K, capacity 97788K, committed 98048K, reserved 1134592K
  class space    used 11554K, capacity 12495K, committed 12544K, reserved 1048576K
Event: 3739.580 GC heap after
Heap after GC invocations=54 (full 5):
 PSYoungGen      total 424448K, used 37644K [0x00000000e0000000, 0x00000000fd580000, 0x0000000100000000)
  eden space 382464K, 0% used [0x00000000e0000000,0x00000000e0000000,0x00000000f7580000)
  from space 41984K, 89% used [0x00000000f7580000,0x00000000f9a43330,0x00000000f9e80000)
  to   space 46592K, 0% used [0x00000000fa800000,0x00000000fa800000,0x00000000fd580000)
 ParOldGen       total 140800K, used 47144K [0x00000000a0000000, 0x00000000a8980000, 0x00000000e0000000)
  object space 140800K, 33% used [0x00000000a0000000,0x00000000a2e0a388,0x00000000a8980000)
 Metaspace       used 92344K, capacity 97788K, committed 98048K, reserved 1134592K
  class space    used 11554K, capacity 12495K, committed 12544K, reserved 1048576K
}
Event: 3811.343 GC heap before
{Heap before GC invocations=55 (full 5):
 PSYoungGen      total 424448K, used 418102K [0x00000000e0000000, 0x00000000fd580000, 0x0000000100000000)
  eden space 382464K, 99% used [0x00000000e0000000,0x00000000f738a560,0x00000000f7580000)
  from space 41984K, 89% used [0x00000000f7580000,0x00000000f9a43330,0x00000000f9e80000)
  to   space 46592K, 0% used [0x00000000fa800000,0x00000000fa800000,0x00000000fd580000)
 ParOldGen       total 140800K, used 47144K [0x00000000a0000000, 0x00000000a8980000, 0x00000000e0000000)
  object space 140800K, 33% used [0x00000000a0000000,0x00000000a2e0a388,0x00000000a8980000)
 Metaspace       used 92516K, capacity 98086K, committed 98304K, reserved 1134592K
  class space    used 11575K, capacity 12534K, committed 12544K, reserved 1048576K
Event: 3811.413 GC heap after
Heap after GC invocations=55 (full 5):
 PSYoungGen      total 427520K, used 45529K [0x00000000e0000000, 0x00000000fe200000, 0x0000000100000000)
  eden space 380928K, 0% used [0x00000000e0000000,0x00000000e0000000,0x00000000f7400000)
  from space 46592K, 97% used [0x00000000fa800000,0x00000000fd476770,0x00000000fd580000)
  to   space 53248K, 0% used [0x00000000f7400000,0x00000000f7400000,0x00000000fa800000)
 ParOldGen       total 140800K, used 47144K [0x00000000a0000000, 0x00000000a8980000, 0x00000000e0000000)
  object space 140800K, 33% used [0x00000000a0000000,0x00000000a2e0a388,0x00000000a8980000)
 Metaspace       used 92516K, capacity 98086K, committed 98304K, reserved 1134592K
  class space    used 11575K, capacity 12534K, committed 12544K, reserved 1048576K
}
Event: 4274.632 GC heap before
{Heap before GC invocations=56 (full 5):
 PSYoungGen      total 427520K, used 426457K [0x00000000e0000000, 0x00000000fe200000, 0x0000000100000000)
  eden space 380928K, 100% used [0x00000000e0000000,0x00000000f7400000,0x00000000f7400000)
  from space 46592K, 97% used [0x00000000fa800000,0x00000000fd476770,0x00000000fd580000)
  to   space 53248K, 0% used [0x00000000f7400000,0x00000000f7400000,0x00000000fa800000)
 ParOldGen       total 140800K, used 47144K [0x00000000a0000000, 0x00000000a8980000, 0x00000000e0000000)
  object space 140800K, 33% used [0x00000000a0000000,0x00000000a2e0a388,0x00000000a8980000)
 Metaspace       used 92830K, capacity 98364K, committed 98688K, reserved 1134592K
  class space    used 11584K, capacity 12573K, committed 12672K, reserved 1048576K
Event: 4274.904 GC heap after
Heap after GC invocations=56 (full 5):
 PSYoungGen      total 434176K, used 28645K [0x00000000e0000000, 0x00000000fde00000, 0x0000000100000000)
  eden space 380928K, 0% used [0x00000000e0000000,0x00000000e0000000,0x00000000f7400000)
  from space 53248K, 53% used [0x00000000f7400000,0x00000000f8ff9740,0x00000000fa800000)
  to   space 52224K, 0% used [0x00000000fab00000,0x00000000fab00000,0x00000000fde00000)
 ParOldGen       total 140800K, used 47152K [0x00000000a0000000, 0x00000000a8980000, 0x00000000e0000000)
  object space 140800K, 33% used [0x00000000a0000000,0x00000000a2e0c388,0x00000000a8980000)
 Metaspace       used 92830K, capacity 98364K, committed 98688K, reserved 1134592K
  class space    used 11584K, capacity 12573K, committed 12672K, reserved 1048576K
}
Event: 4277.616 GC heap before
{Heap before GC invocations=57 (full 5):
 PSYoungGen      total 434176K, used 409412K [0x00000000e0000000, 0x00000000fde00000, 0x0000000100000000)
  eden space 380928K, 99% used [0x00000000e0000000,0x00000000f73d7bb8,0x00000000f7400000)
  from space 53248K, 53% used [0x00000000f7400000,0x00000000f8ff9740,0x00000000fa800000)
  to   space 52224K, 0% used [0x00000000fab00000,0x00000000fab00000,0x00000000fde00000)
 ParOldGen       total 140800K, used 47152K [0x00000000a0000000, 0x00000000a8980000, 0x00000000e0000000)
  object space 140800K, 33% used [0x00000000a0000000,0x00000000a2e0c388,0x00000000a8980000)
 Metaspace       used 92852K, capacity 98388K, committed 98688K, reserved 1134592K
  class space    used 11586K, capacity 12577K, committed 12672K, reserved 1048576K
Event: 4277.700 GC heap after
Heap after GC invocations=57 (full 5):
 PSYoungGen      total 439296K, used 18326K [0x00000000e0000000, 0x00000000feb00000, 0x0000000100000000)
  eden space 387072K, 0% used [0x00000000e0000000,0x00000000e0000000,0x00000000f7a00000)
  from space 52224K, 35% used [0x00000000fab00000,0x00000000fbce5b78,0x00000000fde00000)
  to   space 50176K, 0% used [0x00000000f7a00000,0x00000000f7a00000,0x00000000fab00000)
 ParOldGen       total 140800K, used 47152K [0x00000000a0000000, 0x00000000a8980000, 0x00000000e0000000)
  object space 140800K, 33% used [0x00000000a0000000,0x00000000a2e0c388,0x00000000a8980000)
 Metaspace       used 92852K, capacity 98388K, committed 98688K, reserved 1134592K
  class space    used 11586K, capacity 12577K, committed 12672K, reserved 1048576K
}

