# JRE version: OpenJDK Runtime Environment (8.0_152-b01) (build 1.8.0_152-release-1248-b01)
# Java VM: OpenJDK 64-Bit Server VM (25.152-b01 mixed mode windows-amd64 compressed oops)
Heap:
 PSYoungGen      total 278528K, used 98858K [0x00000000e0000000, 0x00000000f3080000, 0x0000000100000000)
  eden space 262144K, 31% used [0x00000000e0000000,0x00000000e508fe20,0x00000000f0000000)
  from space 16384K, 99% used [0x00000000f2080000,0x00000000f307aa08,0x00000000f3080000)
  to   space 19456K, 0% used [0x00000000f0a80000,0x00000000f0a80000,0x00000000f1d80000)
 ParOldGen       total 72704K, used 30341K [0x00000000a0000000, 0x00000000a4700000, 0x00000000e0000000)
  object space 72704K, 41% used [0x00000000a0000000,0x00000000a1da14f0,0x00000000a4700000)
 Metaspace       used 66535K, capacity 68234K, committed 68480K, reserved 1107968K
  class space    used 8814K, capacity 9250K, committed 9344K, reserved 1048576K
GC Heap History (10 events):
Event: 15.721 GC heap before
{Heap before GC invocations=13 (full 2):
 PSYoungGen      total 141312K, used 129536K [0x00000000e0000000, 0x00000000ed380000, 0x0000000100000000)
  eden space 129536K, 100% used [0x00000000e0000000,0x00000000e7e80000,0x00000000e7e80000)
  from space 11776K, 0% used [0x00000000e8980000,0x00000000e8980000,0x00000000e9500000)
  to   space 11264K, 0% used [0x00000000e7e80000,0x00000000e7e80000,0x00000000e8980000)
 ParOldGen       total 48128K, used 14810K [0x00000000a0000000, 0x00000000a2f00000, 0x00000000e0000000)
  object space 48128K, 30% used [0x00000000a0000000,0x00000000a0e76870,0x00000000a2f00000)
 Metaspace       used 47920K, capacity 48906K, committed 49280K, reserved 1091584K
  class space    used 6484K, capacity 6784K, committed 6784K, reserved 1048576K
Event: 15.743 GC heap after
Heap after GC invocations=13 (full 2):
 PSYoungGen      total 140800K, used 11234K [0x00000000e0000000, 0x00000000eda00000, 0x0000000100000000)
  eden space 129536K, 0% used [0x00000000e0000000,0x00000000e0000000,0x00000000e7e80000)
  from space 11264K, 99% used [0x00000000e7e80000,0x00000000e8978b20,0x00000000e8980000)
  to   space 15360K, 0% used [0x00000000ecb00000,0x00000000ecb00000,0x00000000eda00000)
 ParOldGen       total 48128K, used 21082K [0x00000000a0000000, 0x00000000a2f00000, 0x00000000e0000000)
  object space 48128K, 43% used [0x00000000a0000000,0x00000000a1496a70,0x00000000a2f00000)
 Metaspace       used 47920K, capacity 48906K, committed 49280K, reserved 1091584K
  class space    used 6484K, capacity 6784K, committed 6784K, reserved 1048576K
}
Event: 18.387 GC heap before
{Heap before GC invocations=14 (full 2):
 PSYoungGen      total 140800K, used 140770K [0x00000000e0000000, 0x00000000eda00000, 0x0000000100000000)
  eden space 129536K, 100% used [0x00000000e0000000,0x00000000e7e80000,0x00000000e7e80000)
  from space 11264K, 99% used [0x00000000e7e80000,0x00000000e8978b20,0x00000000e8980000)
  to   space 15360K, 0% used [0x00000000ecb00000,0x00000000ecb00000,0x00000000eda00000)
 ParOldGen       total 48128K, used 21082K [0x00000000a0000000, 0x00000000a2f00000, 0x00000000e0000000)
  object space 48128K, 43% used [0x00000000a0000000,0x00000000a1496a70,0x00000000a2f00000)
 Metaspace       used 55855K, capacity 57390K, committed 57472K, reserved 1099776K
  class space    used 7592K, capacity 8032K, committed 8064K, reserved 1048576K
Event: 18.432 GC heap after
Heap after GC invocations=14 (full 2):
 PSYoungGen      total 204800K, used 12629K [0x00000000e0000000, 0x00000000ed980000, 0x0000000100000000)
  eden space 189952K, 0% used [0x00000000e0000000,0x00000000e0000000,0x00000000eb980000)
  from space 14848K, 85% used [0x00000000ecb00000,0x00000000ed755578,0x00000000ed980000)
  to   space 16384K, 0% used [0x00000000eb980000,0x00000000eb980000,0x00000000ec980000)
 ParOldGen       total 48128K, used 30094K [0x00000000a0000000, 0x00000000a2f00000, 0x00000000e0000000)
  object space 48128K, 62% used [0x00000000a0000000,0x00000000a1d638f8,0x00000000a2f00000)
 Metaspace       used 55855K, capacity 57390K, committed 57472K, reserved 1099776K
  class space    used 7592K, capacity 8032K, committed 8064K, reserved 1048576K
}
Event: 18.822 GC heap before
{Heap before GC invocations=15 (full 2):
 PSYoungGen      total 204800K, used 34243K [0x00000000e0000000, 0x00000000ed980000, 0x0000000100000000)
  eden space 189952K, 11% used [0x00000000e0000000,0x00000000e151b800,0x00000000eb980000)
  from space 14848K, 85% used [0x00000000ecb00000,0x00000000ed755578,0x00000000ed980000)
  to   space 16384K, 0% used [0x00000000eb980000,0x00000000eb980000,0x00000000ec980000)
 ParOldGen       total 48128K, used 30094K [0x00000000a0000000, 0x00000000a2f00000, 0x00000000e0000000)
  object space 48128K, 62% used [0x00000000a0000000,0x00000000a1d638f8,0x00000000a2f00000)
 Metaspace       used 57395K, capacity 58924K, committed 59008K, reserved 1099776K
  class space    used 7840K, capacity 8251K, committed 8320K, reserved 1048576K
Event: 18.852 GC heap after
Heap after GC invocations=15 (full 2):
 PSYoungGen      total 206336K, used 2407K [0x00000000e0000000, 0x00000000f3080000, 0x0000000100000000)
  eden space 189952K, 0% used [0x00000000e0000000,0x00000000e0000000,0x00000000eb980000)
  from space 16384K, 14% used [0x00000000eb980000,0x00000000ebbd9f08,0x00000000ec980000)
  to   space 16384K, 0% used [0x00000000f2080000,0x00000000f2080000,0x00000000f3080000)
 ParOldGen       total 48128K, used 34633K [0x00000000a0000000, 0x00000000a2f00000, 0x00000000e0000000)
  object space 48128K, 71% used [0x00000000a0000000,0x00000000a21d2650,0x00000000a2f00000)
 Metaspace       used 57395K, capacity 58924K, committed 59008K, reserved 1099776K
  class space    used 7840K, capacity 8251K, committed 8320K, reserved 1048576K
}
Event: 18.852 GC heap before
{Heap before GC invocations=16 (full 3):
 PSYoungGen      total 206336K, used 2407K [0x00000000e0000000, 0x00000000f3080000, 0x0000000100000000)
  eden space 189952K, 0% used [0x00000000e0000000,0x00000000e0000000,0x00000000eb980000)
  from space 16384K, 14% used [0x00000000eb980000,0x00000000ebbd9f08,0x00000000ec980000)
  to   space 16384K, 0% used [0x00000000f2080000,0x00000000f2080000,0x00000000f3080000)
 ParOldGen       total 48128K, used 34633K [0x00000000a0000000, 0x00000000a2f00000, 0x00000000e0000000)
  object space 48128K, 71% used [0x00000000a0000000,0x00000000a21d2650,0x00000000a2f00000)
 Metaspace       used 57395K, capacity 58924K, committed 59008K, reserved 1099776K
  class space    used 7840K, capacity 8251K, committed 8320K, reserved 1048576K
Event: 19.206 GC heap after
Heap after GC invocations=16 (full 3):
 PSYoungGen      total 206336K, used 0K [0x00000000e0000000, 0x00000000f3080000, 0x0000000100000000)
  eden space 189952K, 0% used [0x00000000e0000000,0x00000000e0000000,0x00000000eb980000)
  from space 16384K, 0% used [0x00000000eb980000,0x00000000eb980000,0x00000000ec980000)
  to   space 16384K, 0% used [0x00000000f2080000,0x00000000f2080000,0x00000000f3080000)
 ParOldGen       total 72704K, used 29836K [0x00000000a0000000, 0x00000000a4700000, 0x00000000e0000000)
  object space 72704K, 41% used [0x00000000a0000000,0x00000000a1d23308,0x00000000a4700000)
 Metaspace       used 57395K, capacity 58924K, committed 59008K, reserved 1099776K
  class space    used 7840K, capacity 8251K, committed 8320K, reserved 1048576K
}
Event: 29.253 GC heap before
{Heap before GC invocations=17 (full 3):
 PSYoungGen      total 206336K, used 189011K [0x00000000e0000000, 0x00000000f3080000, 0x0000000100000000)
  eden space 189952K, 99% used [0x00000000e0000000,0x00000000eb894ec8,0x00000000eb980000)
  from space 16384K, 0% used [0x00000000eb980000,0x00000000eb980000,0x00000000ec980000)
  to   space 16384K, 0% used [0x00000000f2080000,0x00000000f2080000,0x00000000f3080000)
 ParOldGen       total 72704K, used 29836K [0x00000000a0000000, 0x00000000a4700000, 0x00000000e0000000)
  object space 72704K, 41% used [0x00000000a0000000,0x00000000a1d23308,0x00000000a4700000)
 Metaspace       used 64646K, capacity 66346K, committed 66560K, reserved 1105920K
  class space    used 8701K, capacity 9154K, committed 9216K, reserved 1048576K
Event: 29.312 GC heap after
Heap after GC invocations=17 (full 3):
 PSYoungGen      total 278528K, used 16362K [0x00000000e0000000, 0x00000000f3080000, 0x0000000100000000)
  eden space 262144K, 0% used [0x00000000e0000000,0x00000000e0000000,0x00000000f0000000)
  from space 16384K, 99% used [0x00000000f2080000,0x00000000f307aa08,0x00000000f3080000)
  to   space 19456K, 0% used [0x00000000f0a80000,0x00000000f0a80000,0x00000000f1d80000)
 ParOldGen       total 72704K, used 30341K [0x00000000a0000000, 0x00000000a4700000, 0x00000000e0000000)
  object space 72704K, 41% used [0x00000000a0000000,0x00000000a1da14f0,0x00000000a4700000)
 Metaspace       used 64646K, capacity 66346K, committed 66560K, reserved 1105920K
  class space    used 8701K, capacity 9154K, committed 9216K, reserved 1048576K
}

