# JRE version: OpenJDK Runtime Environment (8.0_152-b01) (build 1.8.0_152-release-1248-b01)
# Java VM: OpenJDK 64-Bit Server VM (25.152-b01 mixed mode windows-amd64 compressed oops)
Heap:
 PSYoungGen      total 270336K, used 45194K [0x00000000e0000000, 0x00000000f4a80000, 0x0000000100000000)
  eden space 238080K, 17% used [0x00000000e0000000,0x00000000e28b1cc8,0x00000000ee880000)
  from space 32256K, 10% used [0x00000000ee880000,0x00000000eebf0d80,0x00000000f0800000)
  to   space 41472K, 0% used [0x00000000f2200000,0x00000000f2200000,0x00000000f4a80000)
 ParOldGen       total 123904K, used 41006K [0x00000000a0000000, 0x00000000a7900000, 0x00000000e0000000)
  object space 123904K, 33% used [0x00000000a0000000,0x00000000a280ba20,0x00000000a7900000)
 Metaspace       used 85299K, capacity 89132K, committed 89216K, reserved 1126400K
  class space    used 10878K, capacity 11627K, committed 11648K, reserved 1048576K
GC Heap History (10 events):
Event: 4252.147 GC heap before
{Heap before GC invocations=32 (full 4):
 PSYoungGen      total 257536K, used 241365K [0x00000000e0000000, 0x00000000f2600000, 0x0000000100000000)
  eden space 225792K, 99% used [0x00000000e0000000,0x00000000edc4a690,0x00000000edc80000)
  from space 31744K, 49% used [0x00000000edc80000,0x00000000eebeb130,0x00000000efb80000)
  to   space 30720K, 0% used [0x00000000f0800000,0x00000000f0800000,0x00000000f2600000)
 ParOldGen       total 136704K, used 71434K [0x00000000a0000000, 0x00000000a8580000, 0x00000000e0000000)
  object space 136704K, 52% used [0x00000000a0000000,0x00000000a45c2858,0x00000000a8580000)
 Metaspace       used 84691K, capacity 88386K, committed 88704K, reserved 1126400K
  class space    used 10841K, capacity 11562K, committed 11648K, reserved 1048576K
Event: 4252.191 GC heap after
Heap after GC invocations=32 (full 4):
 PSYoungGen      total 268800K, used 22749K [0x00000000e0000000, 0x00000000f2f00000, 0x0000000100000000)
  eden space 238080K, 0% used [0x00000000e0000000,0x00000000e0000000,0x00000000ee880000)
  from space 30720K, 74% used [0x00000000f0800000,0x00000000f1e374b8,0x00000000f2600000)
  to   space 32256K, 0% used [0x00000000ee880000,0x00000000ee880000,0x00000000f0800000)
 ParOldGen       total 136704K, used 71434K [0x00000000a0000000, 0x00000000a8580000, 0x00000000e0000000)
  object space 136704K, 52% used [0x00000000a0000000,0x00000000a45c2858,0x00000000a8580000)
 Metaspace       used 84691K, capacity 88386K, committed 88704K, reserved 1126400K
  class space    used 10841K, capacity 11562K, committed 11648K, reserved 1048576K
}
Event: 4435.124 GC heap before
{Heap before GC invocations=33 (full 4):
 PSYoungGen      total 268800K, used 260829K [0x00000000e0000000, 0x00000000f2f00000, 0x0000000100000000)
  eden space 238080K, 100% used [0x00000000e0000000,0x00000000ee880000,0x00000000ee880000)
  from space 30720K, 74% used [0x00000000f0800000,0x00000000f1e374b8,0x00000000f2600000)
  to   space 32256K, 0% used [0x00000000ee880000,0x00000000ee880000,0x00000000f0800000)
 ParOldGen       total 136704K, used 71434K [0x00000000a0000000, 0x00000000a8580000, 0x00000000e0000000)
  object space 136704K, 52% used [0x00000000a0000000,0x00000000a45c2858,0x00000000a8580000)
 Metaspace       used 84848K, capacity 88578K, committed 88704K, reserved 1126400K
  class space    used 10841K, capacity 11562K, committed 11648K, reserved 1048576K
Event: 4435.242 GC heap after
Heap after GC invocations=33 (full 4):
 PSYoungGen      total 270336K, used 32234K [0x00000000e0000000, 0x00000000f4a80000, 0x0000000100000000)
  eden space 238080K, 0% used [0x00000000e0000000,0x00000000e0000000,0x00000000ee880000)
  from space 32256K, 99% used [0x00000000ee880000,0x00000000f07fa860,0x00000000f0800000)
  to   space 41472K, 0% used [0x00000000f2200000,0x00000000f2200000,0x00000000f4a80000)
 ParOldGen       total 136704K, used 84179K [0x00000000a0000000, 0x00000000a8580000, 0x00000000e0000000)
  object space 136704K, 61% used [0x00000000a0000000,0x00000000a5234e48,0x00000000a8580000)
 Metaspace       used 84848K, capacity 88578K, committed 88704K, reserved 1126400K
  class space    used 10841K, capacity 11562K, committed 11648K, reserved 1048576K
}
Event: 4489.811 GC heap before
{Heap before GC invocations=34 (full 4):
 PSYoungGen      total 270336K, used 270314K [0x00000000e0000000, 0x00000000f4a80000, 0x0000000100000000)
  eden space 238080K, 100% used [0x00000000e0000000,0x00000000ee880000,0x00000000ee880000)
  from space 32256K, 99% used [0x00000000ee880000,0x00000000f07fa860,0x00000000f0800000)
  to   space 41472K, 0% used [0x00000000f2200000,0x00000000f2200000,0x00000000f4a80000)
 ParOldGen       total 136704K, used 84187K [0x00000000a0000000, 0x00000000a8580000, 0x00000000e0000000)
  object space 136704K, 61% used [0x00000000a0000000,0x00000000a5236e58,0x00000000a8580000)
 Metaspace       used 85148K, capacity 88900K, committed 88960K, reserved 1126400K
  class space    used 10874K, capacity 11595K, committed 11648K, reserved 1048576K
Event: 4489.894 GC heap after
Heap after GC invocations=34 (full 4):
 PSYoungGen      total 279552K, used 41445K [0x00000000e0000000, 0x00000000f4a80000, 0x0000000100000000)
  eden space 238080K, 0% used [0x00000000e0000000,0x00000000e0000000,0x00000000ee880000)
  from space 41472K, 99% used [0x00000000f2200000,0x00000000f4a795f0,0x00000000f4a80000)
  to   space 32256K, 0% used [0x00000000ee880000,0x00000000ee880000,0x00000000f0800000)
 ParOldGen       total 136704K, used 95970K [0x00000000a0000000, 0x00000000a8580000, 0x00000000e0000000)
  object space 136704K, 70% used [0x00000000a0000000,0x00000000a5db8b60,0x00000000a8580000)
 Metaspace       used 85148K, capacity 88900K, committed 88960K, reserved 1126400K
  class space    used 10874K, capacity 11595K, committed 11648K, reserved 1048576K
}
Event: 4490.274 GC heap before
{Heap before GC invocations=35 (full 5):
 PSYoungGen      total 279552K, used 279334K [0x00000000e0000000, 0x00000000f4a80000, 0x0000000100000000)
  eden space 238080K, 99% used [0x00000000e0000000,0x00000000ee850558,0x00000000ee880000)
  from space 41472K, 99% used [0x00000000f2200000,0x00000000f4a795f0,0x00000000f4a80000)
  to   space 32256K, 0% used [0x00000000ee880000,0x00000000ee880000,0x00000000f0800000)
 ParOldGen       total 144384K, used 144099K [0x00000000a0000000, 0x00000000a8d00000, 0x00000000e0000000)
  object space 144384K, 99% used [0x00000000a0000000,0x00000000a8cb8e50,0x00000000a8d00000)
 Metaspace       used 85208K, capacity 88964K, committed 89216K, reserved 1126400K
  class space    used 10874K, capacity 11595K, committed 11648K, reserved 1048576K
Event: 4490.703 GC heap after
Heap after GC invocations=35 (full 5):
 PSYoungGen      total 279552K, used 0K [0x00000000e0000000, 0x00000000f4a80000, 0x0000000100000000)
  eden space 238080K, 0% used [0x00000000e0000000,0x00000000e0000000,0x00000000ee880000)
  from space 41472K, 0% used [0x00000000f2200000,0x00000000f2200000,0x00000000f4a80000)
  to   space 32256K, 0% used [0x00000000ee880000,0x00000000ee880000,0x00000000f0800000)
 ParOldGen       total 123904K, used 40998K [0x00000000a0000000, 0x00000000a7900000, 0x00000000e0000000)
  object space 123904K, 33% used [0x00000000a0000000,0x00000000a2809a20,0x00000000a7900000)
 Metaspace       used 85196K, capacity 88946K, committed 89216K, reserved 1126400K
  class space    used 10872K, capacity 11592K, committed 11648K, reserved 1048576K
}
Event: 4573.690 GC heap before
{Heap before GC invocations=36 (full 5):
 PSYoungGen      total 279552K, used 238080K [0x00000000e0000000, 0x00000000f4a80000, 0x0000000100000000)
  eden space 238080K, 100% used [0x00000000e0000000,0x00000000ee880000,0x00000000ee880000)
  from space 41472K, 0% used [0x00000000f2200000,0x00000000f2200000,0x00000000f4a80000)
  to   space 32256K, 0% used [0x00000000ee880000,0x00000000ee880000,0x00000000f0800000)
 ParOldGen       total 123904K, used 40998K [0x00000000a0000000, 0x00000000a7900000, 0x00000000e0000000)
  object space 123904K, 33% used [0x00000000a0000000,0x00000000a2809a20,0x00000000a7900000)
 Metaspace       used 85294K, capacity 89132K, committed 89216K, reserved 1126400K
  class space    used 10878K, capacity 11627K, committed 11648K, reserved 1048576K
Event: 4573.708 GC heap after
Heap after GC invocations=36 (full 5):
 PSYoungGen      total 270336K, used 3523K [0x00000000e0000000, 0x00000000f4a80000, 0x0000000100000000)
  eden space 238080K, 0% used [0x00000000e0000000,0x00000000e0000000,0x00000000ee880000)
  from space 32256K, 10% used [0x00000000ee880000,0x00000000eebf0d80,0x00000000f0800000)
  to   space 41472K, 0% used [0x00000000f2200000,0x00000000f2200000,0x00000000f4a80000)
 ParOldGen       total 123904K, used 41006K [0x00000000a0000000, 0x00000000a7900000, 0x00000000e0000000)
  object space 123904K, 33% used [0x00000000a0000000,0x00000000a280ba20,0x00000000a7900000)
 Metaspace       used 85294K, capacity 89132K, committed 89216K, reserved 1126400K
  class space    used 10878K, capacity 11627K, committed 11648K, reserved 1048576K
}

