# JRE version: OpenJDK Runtime Environment (8.0_152-b01) (build 1.8.0_152-release-1248-b01)
# Java VM: OpenJDK 64-Bit Server VM (25.152-b01 mixed mode windows-amd64 compressed oops)
Heap:
 PSYoungGen      total 210944K, used 126555K [0x00000000e0000000, 0x00000000f0400000, 0x0000000100000000)
  eden space 182272K, 57% used [0x00000000e0000000,0x00000000e66088e0,0x00000000eb200000)
  from space 28672K, 76% used [0x00000000eb200000,0x00000000ec78e658,0x00000000ece00000)
  to   space 30720K, 0% used [0x00000000ee600000,0x00000000ee600000,0x00000000f0400000)
 ParOldGen       total 140800K, used 75397K [0x00000000a0000000, 0x00000000a8980000, 0x00000000e0000000)
  object space 140800K, 53% used [0x00000000a0000000,0x00000000a49a15e0,0x00000000a8980000)
 Metaspace       used 83095K, capacity 86002K, committed 86144K, reserved 1124352K
  class space    used 10761K, capacity 11382K, committed 11392K, reserved 1048576K
GC Heap History (10 events):
Event: 35.337 GC heap before
{Heap before GC invocations=23 (full 3):
 PSYoungGen      total 157184K, used 151283K [0x00000000e0000000, 0x00000000ec400000, 0x0000000100000000)
  eden space 142848K, 100% used [0x00000000e0000000,0x00000000e8b80000,0x00000000e8b80000)
  from space 14336K, 58% used [0x00000000e8b80000,0x00000000e93bcff8,0x00000000e9980000)
  to   space 14336K, 0% used [0x00000000eb600000,0x00000000eb600000,0x00000000ec400000)
 ParOldGen       total 73728K, used 33291K [0x00000000a0000000, 0x00000000a4800000, 0x00000000e0000000)
  object space 73728K, 45% used [0x00000000a0000000,0x00000000a2082e08,0x00000000a4800000)
 Metaspace       used 75424K, capacity 77834K, committed 77952K, reserved 1116160K
  class space    used 9994K, capacity 10598K, committed 10624K, reserved 1048576K
Event: 35.427 GC heap after
Heap after GC invocations=23 (full 3):
 PSYoungGen      total 173568K, used 14321K [0x00000000e0000000, 0x00000000edc80000, 0x0000000100000000)
  eden space 159232K, 0% used [0x00000000e0000000,0x00000000e0000000,0x00000000e9b80000)
  from space 14336K, 99% used [0x00000000eb600000,0x00000000ec3fc500,0x00000000ec400000)
  to   space 27136K, 0% used [0x00000000e9b80000,0x00000000e9b80000,0x00000000eb600000)
 ParOldGen       total 73728K, used 62717K [0x00000000a0000000, 0x00000000a4800000, 0x00000000e0000000)
  object space 73728K, 85% used [0x00000000a0000000,0x00000000a3d3f548,0x00000000a4800000)
 Metaspace       used 75424K, capacity 77834K, committed 77952K, reserved 1116160K
  class space    used 9994K, capacity 10598K, committed 10624K, reserved 1048576K
}
Event: 35.427 GC heap before
{Heap before GC invocations=24 (full 4):
 PSYoungGen      total 173568K, used 14321K [0x00000000e0000000, 0x00000000edc80000, 0x0000000100000000)
  eden space 159232K, 0% used [0x00000000e0000000,0x00000000e0000000,0x00000000e9b80000)
  from space 14336K, 99% used [0x00000000eb600000,0x00000000ec3fc500,0x00000000ec400000)
  to   space 27136K, 0% used [0x00000000e9b80000,0x00000000e9b80000,0x00000000eb600000)
 ParOldGen       total 73728K, used 62717K [0x00000000a0000000, 0x00000000a4800000, 0x00000000e0000000)
  object space 73728K, 85% used [0x00000000a0000000,0x00000000a3d3f548,0x00000000a4800000)
 Metaspace       used 75424K, capacity 77834K, committed 77952K, reserved 1116160K
  class space    used 9994K, capacity 10598K, committed 10624K, reserved 1048576K
Event: 36.314 GC heap after
Heap after GC invocations=24 (full 4):
 PSYoungGen      total 173568K, used 2028K [0x00000000e0000000, 0x00000000edc80000, 0x0000000100000000)
  eden space 159232K, 0% used [0x00000000e0000000,0x00000000e0000000,0x00000000e9b80000)
  from space 14336K, 14% used [0x00000000eb600000,0x00000000eb7fb368,0x00000000ec400000)
  to   space 27136K, 0% used [0x00000000e9b80000,0x00000000e9b80000,0x00000000eb600000)
 ParOldGen       total 140800K, used 73325K [0x00000000a0000000, 0x00000000a8980000, 0x00000000e0000000)
  object space 140800K, 52% used [0x00000000a0000000,0x00000000a479b5e0,0x00000000a8980000)
 Metaspace       used 75342K, capacity 77608K, committed 77952K, reserved 1116160K
  class space    used 9965K, capacity 10547K, committed 10624K, reserved 1048576K
}
Event: 38.542 GC heap before
{Heap before GC invocations=25 (full 4):
 PSYoungGen      total 173568K, used 161130K [0x00000000e0000000, 0x00000000edc80000, 0x0000000100000000)
  eden space 159232K, 99% used [0x00000000e0000000,0x00000000e9b5f4f0,0x00000000e9b80000)
  from space 14336K, 14% used [0x00000000eb600000,0x00000000eb7fb368,0x00000000ec400000)
  to   space 27136K, 0% used [0x00000000e9b80000,0x00000000e9b80000,0x00000000eb600000)
 ParOldGen       total 140800K, used 73325K [0x00000000a0000000, 0x00000000a8980000, 0x00000000e0000000)
  object space 140800K, 52% used [0x00000000a0000000,0x00000000a479b5e0,0x00000000a8980000)
 Metaspace       used 77323K, capacity 79800K, committed 80000K, reserved 1118208K
  class space    used 10214K, capacity 10805K, committed 10880K, reserved 1048576K
Event: 38.594 GC heap after
Heap after GC invocations=25 (full 4):
 PSYoungGen      total 186368K, used 16128K [0x00000000e0000000, 0x00000000eed00000, 0x0000000100000000)
  eden space 159232K, 0% used [0x00000000e0000000,0x00000000e0000000,0x00000000e9b80000)
  from space 27136K, 59% used [0x00000000e9b80000,0x00000000eab40350,0x00000000eb600000)
  to   space 28160K, 0% used [0x00000000ed180000,0x00000000ed180000,0x00000000eed00000)
 ParOldGen       total 140800K, used 75381K [0x00000000a0000000, 0x00000000a8980000, 0x00000000e0000000)
  object space 140800K, 53% used [0x00000000a0000000,0x00000000a499d5e0,0x00000000a8980000)
 Metaspace       used 77323K, capacity 79800K, committed 80000K, reserved 1118208K
  class space    used 10214K, capacity 10805K, committed 10880K, reserved 1048576K
}
Event: 344.862 GC heap before
{Heap before GC invocations=26 (full 4):
 PSYoungGen      total 186368K, used 175360K [0x00000000e0000000, 0x00000000eed00000, 0x0000000100000000)
  eden space 159232K, 100% used [0x00000000e0000000,0x00000000e9b80000,0x00000000e9b80000)
  from space 27136K, 59% used [0x00000000e9b80000,0x00000000eab40350,0x00000000eb600000)
  to   space 28160K, 0% used [0x00000000ed180000,0x00000000ed180000,0x00000000eed00000)
 ParOldGen       total 140800K, used 75381K [0x00000000a0000000, 0x00000000a8980000, 0x00000000e0000000)
  object space 140800K, 53% used [0x00000000a0000000,0x00000000a499d5e0,0x00000000a8980000)
 Metaspace       used 82404K, capacity 85204K, committed 85376K, reserved 1124352K
  class space    used 10756K, capacity 11379K, committed 11392K, reserved 1048576K
Event: 344.910 GC heap after
Heap after GC invocations=26 (full 4):
 PSYoungGen      total 207360K, used 17144K [0x00000000e0000000, 0x00000000eea00000, 0x0000000100000000)
  eden space 182272K, 0% used [0x00000000e0000000,0x00000000e0000000,0x00000000eb200000)
  from space 25088K, 68% used [0x00000000ed180000,0x00000000ee23e158,0x00000000eea00000)
  to   space 28672K, 0% used [0x00000000eb200000,0x00000000eb200000,0x00000000ece00000)
 ParOldGen       total 140800K, used 75389K [0x00000000a0000000, 0x00000000a8980000, 0x00000000e0000000)
  object space 140800K, 53% used [0x00000000a0000000,0x00000000a499f5e0,0x00000000a8980000)
 Metaspace       used 82404K, capacity 85204K, committed 85376K, reserved 1124352K
  class space    used 10756K, capacity 11379K, committed 11392K, reserved 1048576K
}
Event: 353.152 GC heap before
{Heap before GC invocations=27 (full 4):
 PSYoungGen      total 207360K, used 199416K [0x00000000e0000000, 0x00000000eea00000, 0x0000000100000000)
  eden space 182272K, 100% used [0x00000000e0000000,0x00000000eb200000,0x00000000eb200000)
  from space 25088K, 68% used [0x00000000ed180000,0x00000000ee23e158,0x00000000eea00000)
  to   space 28672K, 0% used [0x00000000eb200000,0x00000000eb200000,0x00000000ece00000)
 ParOldGen       total 140800K, used 75389K [0x00000000a0000000, 0x00000000a8980000, 0x00000000e0000000)
  object space 140800K, 53% used [0x00000000a0000000,0x00000000a499f5e0,0x00000000a8980000)
 Metaspace       used 83022K, capacity 85938K, committed 86144K, reserved 1124352K
  class space    used 10761K, capacity 11382K, committed 11392K, reserved 1048576K
Event: 353.184 GC heap after
Heap after GC invocations=27 (full 4):
 PSYoungGen      total 210944K, used 22073K [0x00000000e0000000, 0x00000000f0400000, 0x0000000100000000)
  eden space 182272K, 0% used [0x00000000e0000000,0x00000000e0000000,0x00000000eb200000)
  from space 28672K, 76% used [0x00000000eb200000,0x00000000ec78e658,0x00000000ece00000)
  to   space 30720K, 0% used [0x00000000ee600000,0x00000000ee600000,0x00000000f0400000)
 ParOldGen       total 140800K, used 75397K [0x00000000a0000000, 0x00000000a8980000, 0x00000000e0000000)
  object space 140800K, 53% used [0x00000000a0000000,0x00000000a49a15e0,0x00000000a8980000)
 Metaspace       used 83022K, capacity 85938K, committed 86144K, reserved 1124352K
  class space    used 10761K, capacity 11382K, committed 11392K, reserved 1048576K
}

