# JRE version: OpenJDK Runtime Environment (8.0_152-b01) (build 1.8.0_152-release-1248-b01)
# Java VM: OpenJDK 64-Bit Server VM (25.152-b01 mixed mode windows-amd64 compressed oops)
Heap:
 PSYoungGen      total 57344K, used 56372K [0x00000000e0000000, 0x00000000e5780000, 0x0000000100000000)
  eden space 51200K, 99% used [0x00000000e0000000,0x00000000e318abc0,0x00000000e3200000)
  from space 6144K, 91% used [0x00000000e3200000,0x00000000e37827b0,0x00000000e3800000)
  to   space 6656K, 0% used [0x00000000e5100000,0x00000000e5100000,0x00000000e5780000)
 ParOldGen       total 29184K, used 7379K [0x00000000a0000000, 0x00000000a1c80000, 0x00000000e0000000)
  object space 29184K, 25% used [0x00000000a0000000,0x00000000a0734f10,0x00000000a1c80000)
 Metaspace       used 29284K, capacity 29788K, committed 29952K, reserved 1075200K
  class space    used 4065K, capacity 4263K, committed 4352K, reserved 1048576K
GC Heap History (10 events):
Event: 7.602 GC heap before
{Heap before GC invocations=8 (full 0):
 PSYoungGen      total 21504K, used 19651K [0x00000000e0000000, 0x00000000e2900000, 0x0000000100000000)
  eden space 15872K, 100% used [0x00000000e0000000,0x00000000e0f80000,0x00000000e0f80000)
  from space 5632K, 67% used [0x00000000e0f80000,0x00000000e1330c00,0x00000000e1500000)
  to   space 5120K, 0% used [0x00000000e2400000,0x00000000e2400000,0x00000000e2900000)
 ParOldGen       total 44032K, used 6716K [0x00000000a0000000, 0x00000000a2b00000, 0x00000000e0000000)
  object space 44032K, 15% used [0x00000000a0000000,0x00000000a068f328,0x00000000a2b00000)
 Metaspace       used 16498K, capacity 16886K, committed 17152K, reserved 1064960K
  class space    used 2370K, capacity 2523K, committed 2560K, reserved 1048576K
Event: 7.625 GC heap after
Heap after GC invocations=8 (full 0):
 PSYoungGen      total 36864K, used 3381K [0x00000000e0000000, 0x00000000e2900000, 0x0000000100000000)
  eden space 31744K, 0% used [0x00000000e0000000,0x00000000e0000000,0x00000000e1f00000)
  from space 5120K, 66% used [0x00000000e2400000,0x00000000e274d5d8,0x00000000e2900000)
  to   space 5120K, 0% used [0x00000000e1f00000,0x00000000e1f00000,0x00000000e2400000)
 ParOldGen       total 44032K, used 7572K [0x00000000a0000000, 0x00000000a2b00000, 0x00000000e0000000)
  object space 44032K, 17% used [0x00000000a0000000,0x00000000a0765348,0x00000000a2b00000)
 Metaspace       used 16498K, capacity 16886K, committed 17152K, reserved 1064960K
  class space    used 2370K, capacity 2523K, committed 2560K, reserved 1048576K
}
Event: 8.465 GC heap before
{Heap before GC invocations=9 (full 0):
 PSYoungGen      total 36864K, used 35125K [0x00000000e0000000, 0x00000000e2900000, 0x0000000100000000)
  eden space 31744K, 100% used [0x00000000e0000000,0x00000000e1f00000,0x00000000e1f00000)
  from space 5120K, 66% used [0x00000000e2400000,0x00000000e274d5d8,0x00000000e2900000)
  to   space 5120K, 0% used [0x00000000e1f00000,0x00000000e1f00000,0x00000000e2400000)
 ParOldGen       total 44032K, used 7572K [0x00000000a0000000, 0x00000000a2b00000, 0x00000000e0000000)
  object space 44032K, 17% used [0x00000000a0000000,0x00000000a0765348,0x00000000a2b00000)
 Metaspace       used 20309K, capacity 20834K, committed 20992K, reserved 1067008K
  class space    used 2860K, capacity 3057K, committed 3072K, reserved 1048576K
Event: 8.479 GC heap after
Heap after GC invocations=9 (full 0):
 PSYoungGen      total 36864K, used 5101K [0x00000000e0000000, 0x00000000e3e00000, 0x0000000100000000)
  eden space 31744K, 0% used [0x00000000e0000000,0x00000000e0000000,0x00000000e1f00000)
  from space 5120K, 99% used [0x00000000e1f00000,0x00000000e23fb760,0x00000000e2400000)
  to   space 6144K, 0% used [0x00000000e3800000,0x00000000e3800000,0x00000000e3e00000)
 ParOldGen       total 44032K, used 8899K [0x00000000a0000000, 0x00000000a2b00000, 0x00000000e0000000)
  object space 44032K, 20% used [0x00000000a0000000,0x00000000a08b0ed8,0x00000000a2b00000)
 Metaspace       used 20309K, capacity 20834K, committed 20992K, reserved 1067008K
  class space    used 2860K, capacity 3057K, committed 3072K, reserved 1048576K
}
Event: 8.535 GC heap before
{Heap before GC invocations=10 (full 0):
 PSYoungGen      total 36864K, used 6221K [0x00000000e0000000, 0x00000000e3e00000, 0x0000000100000000)
  eden space 31744K, 3% used [0x00000000e0000000,0x00000000e0117e38,0x00000000e1f00000)
  from space 5120K, 99% used [0x00000000e1f00000,0x00000000e23fb760,0x00000000e2400000)
  to   space 6144K, 0% used [0x00000000e3800000,0x00000000e3800000,0x00000000e3e00000)
 ParOldGen       total 44032K, used 8899K [0x00000000a0000000, 0x00000000a2b00000, 0x00000000e0000000)
  object space 44032K, 20% used [0x00000000a0000000,0x00000000a08b0ed8,0x00000000a2b00000)
 Metaspace       used 20747K, capacity 21218K, committed 21248K, reserved 1067008K
  class space    used 2887K, capacity 3057K, committed 3072K, reserved 1048576K
Event: 8.545 GC heap after
Heap after GC invocations=10 (full 0):
 PSYoungGen      total 57344K, used 2078K [0x00000000e0000000, 0x00000000e3e00000, 0x0000000100000000)
  eden space 51200K, 0% used [0x00000000e0000000,0x00000000e0000000,0x00000000e3200000)
  from space 6144K, 33% used [0x00000000e3800000,0x00000000e3a07990,0x00000000e3e00000)
  to   space 6144K, 0% used [0x00000000e3200000,0x00000000e3200000,0x00000000e3800000)
 ParOldGen       total 44032K, used 9986K [0x00000000a0000000, 0x00000000a2b00000, 0x00000000e0000000)
  object space 44032K, 22% used [0x00000000a0000000,0x00000000a09c0a88,0x00000000a2b00000)
 Metaspace       used 20747K, capacity 21218K, committed 21248K, reserved 1067008K
  class space    used 2887K, capacity 3057K, committed 3072K, reserved 1048576K
}
Event: 8.545 GC heap before
{Heap before GC invocations=11 (full 1):
 PSYoungGen      total 57344K, used 2078K [0x00000000e0000000, 0x00000000e3e00000, 0x0000000100000000)
  eden space 51200K, 0% used [0x00000000e0000000,0x00000000e0000000,0x00000000e3200000)
  from space 6144K, 33% used [0x00000000e3800000,0x00000000e3a07990,0x00000000e3e00000)
  to   space 6144K, 0% used [0x00000000e3200000,0x00000000e3200000,0x00000000e3800000)
 ParOldGen       total 44032K, used 9986K [0x00000000a0000000, 0x00000000a2b00000, 0x00000000e0000000)
  object space 44032K, 22% used [0x00000000a0000000,0x00000000a09c0a88,0x00000000a2b00000)
 Metaspace       used 20747K, capacity 21218K, committed 21248K, reserved 1067008K
  class space    used 2887K, capacity 3057K, committed 3072K, reserved 1048576K
Event: 8.628 GC heap after
Heap after GC invocations=11 (full 1):
 PSYoungGen      total 57344K, used 0K [0x00000000e0000000, 0x00000000e3e00000, 0x0000000100000000)
  eden space 51200K, 0% used [0x00000000e0000000,0x00000000e0000000,0x00000000e3200000)
  from space 6144K, 0% used [0x00000000e3800000,0x00000000e3800000,0x00000000e3e00000)
  to   space 6144K, 0% used [0x00000000e3200000,0x00000000e3200000,0x00000000e3800000)
 ParOldGen       total 29184K, used 7371K [0x00000000a0000000, 0x00000000a1c80000, 0x00000000e0000000)
  object space 29184K, 25% used [0x00000000a0000000,0x00000000a0732f10,0x00000000a1c80000)
 Metaspace       used 20747K, capacity 21218K, committed 21248K, reserved 1067008K
  class space    used 2887K, capacity 3057K, committed 3072K, reserved 1048576K
}
Event: 10.631 GC heap before
{Heap before GC invocations=12 (full 1):
 PSYoungGen      total 57344K, used 51200K [0x00000000e0000000, 0x00000000e3e00000, 0x0000000100000000)
  eden space 51200K, 100% used [0x00000000e0000000,0x00000000e3200000,0x00000000e3200000)
  from space 6144K, 0% used [0x00000000e3800000,0x00000000e3800000,0x00000000e3e00000)
  to   space 6144K, 0% used [0x00000000e3200000,0x00000000e3200000,0x00000000e3800000)
 ParOldGen       total 29184K, used 7371K [0x00000000a0000000, 0x00000000a1c80000, 0x00000000e0000000)
  object space 29184K, 25% used [0x00000000a0000000,0x00000000a0732f10,0x00000000a1c80000)
 Metaspace       used 26472K, capacity 26974K, committed 27136K, reserved 1073152K
  class space    used 3592K, capacity 3774K, committed 3840K, reserved 1048576K
Event: 10.660 GC heap after
Heap after GC invocations=12 (full 1):
 PSYoungGen      total 57344K, used 5641K [0x00000000e0000000, 0x00000000e5780000, 0x0000000100000000)
  eden space 51200K, 0% used [0x00000000e0000000,0x00000000e0000000,0x00000000e3200000)
  from space 6144K, 91% used [0x00000000e3200000,0x00000000e37827b0,0x00000000e3800000)
  to   space 6656K, 0% used [0x00000000e5100000,0x00000000e5100000,0x00000000e5780000)
 ParOldGen       total 29184K, used 7379K [0x00000000a0000000, 0x00000000a1c80000, 0x00000000e0000000)
  object space 29184K, 25% used [0x00000000a0000000,0x00000000a0734f10,0x00000000a1c80000)
 Metaspace       used 26472K, capacity 26974K, committed 27136K, reserved 1073152K
  class space    used 3592K, capacity 3774K, committed 3840K, reserved 1048576K
}

