# JRE version: OpenJDK Runtime Environment (8.0_152-b01) (build 1.8.0_152-release-1248-b01)
# Java VM: OpenJDK 64-Bit Server VM (25.152-b01 mixed mode windows-amd64 compressed oops)
Heap:
 PSYoungGen      total 309248K, used 233600K [0x00000000e0000000, 0x00000000f6300000, 0x0000000100000000)
  eden space 287232K, 80% used [0x00000000e0000000,0x00000000ee151510,0x00000000f1880000)
  from space 22016K, 13% used [0x00000000f1880000,0x00000000f1b4ee70,0x00000000f2e00000)
  to   space 22016K, 0% used [0x00000000f4d80000,0x00000000f4d80000,0x00000000f6300000)
 ParOldGen       total 72704K, used 52972K [0x00000000a0000000, 0x00000000a4700000, 0x00000000e0000000)
  object space 72704K, 72% used [0x00000000a0000000,0x00000000a33bb230,0x00000000a4700000)
 Metaspace       used 83824K, capacity 87676K, committed 87936K, reserved 1126400K
  class space    used 10812K, capacity 11577K, committed 11648K, reserved 1048576K
GC Heap History (10 events):
Event: 557.748 GC heap before
{Heap before GC invocations=30 (full 3):
 PSYoungGen      total 232960K, used 232665K [0x00000000e0000000, 0x00000000f0900000, 0x0000000100000000)
  eden space 217088K, 99% used [0x00000000e0000000,0x00000000ed3bb328,0x00000000ed400000)
  from space 15872K, 99% used [0x00000000ee800000,0x00000000ef77b310,0x00000000ef780000)
  to   space 20480K, 0% used [0x00000000ed400000,0x00000000ed400000,0x00000000ee800000)
 ParOldGen       total 72704K, used 49725K [0x00000000a0000000, 0x00000000a4700000, 0x00000000e0000000)
  object space 72704K, 68% used [0x00000000a0000000,0x00000000a308f4f0,0x00000000a4700000)
 Metaspace       used 82028K, capacity 84988K, committed 85120K, reserved 1122304K
  class space    used 10675K, capacity 11327K, committed 11392K, reserved 1048576K
Event: 557.764 GC heap after
Heap after GC invocations=30 (full 3):
 PSYoungGen      total 237568K, used 13509K [0x00000000e0000000, 0x00000000f2580000, 0x0000000100000000)
  eden space 217088K, 0% used [0x00000000e0000000,0x00000000e0000000,0x00000000ed400000)
  from space 20480K, 65% used [0x00000000ed400000,0x00000000ee131660,0x00000000ee800000)
  to   space 20992K, 0% used [0x00000000f1100000,0x00000000f1100000,0x00000000f2580000)
 ParOldGen       total 72704K, used 51029K [0x00000000a0000000, 0x00000000a4700000, 0x00000000e0000000)
  object space 72704K, 70% used [0x00000000a0000000,0x00000000a31d54d0,0x00000000a4700000)
 Metaspace       used 82028K, capacity 84988K, committed 85120K, reserved 1122304K
  class space    used 10675K, capacity 11327K, committed 11392K, reserved 1048576K
}
Event: 664.343 GC heap before
{Heap before GC invocations=31 (full 3):
 PSYoungGen      total 237568K, used 227980K [0x00000000e0000000, 0x00000000f2580000, 0x0000000100000000)
  eden space 217088K, 98% used [0x00000000e0000000,0x00000000ed171b98,0x00000000ed400000)
  from space 20480K, 65% used [0x00000000ed400000,0x00000000ee131660,0x00000000ee800000)
  to   space 20992K, 0% used [0x00000000f1100000,0x00000000f1100000,0x00000000f2580000)
 ParOldGen       total 72704K, used 51029K [0x00000000a0000000, 0x00000000a4700000, 0x00000000e0000000)
  object space 72704K, 70% used [0x00000000a0000000,0x00000000a31d54d0,0x00000000a4700000)
 Metaspace       used 82397K, capacity 85352K, committed 85632K, reserved 1124352K
  class space    used 10679K, capacity 11333K, committed 11392K, reserved 1048576K
Event: 664.399 GC heap after
Heap after GC invocations=31 (full 3):
 PSYoungGen      total 268288K, used 9102K [0x00000000e0000000, 0x00000000f1f00000, 0x0000000100000000)
  eden space 253952K, 0% used [0x00000000e0000000,0x00000000e0000000,0x00000000ef800000)
  from space 14336K, 63% used [0x00000000f1100000,0x00000000f19e3a78,0x00000000f1f00000)
  to   space 19968K, 0% used [0x00000000ef800000,0x00000000ef800000,0x00000000f0b80000)
 ParOldGen       total 72704K, used 51685K [0x00000000a0000000, 0x00000000a4700000, 0x00000000e0000000)
  object space 72704K, 71% used [0x00000000a0000000,0x00000000a3279540,0x00000000a4700000)
 Metaspace       used 82397K, capacity 85352K, committed 85632K, reserved 1124352K
  class space    used 10679K, capacity 11333K, committed 11392K, reserved 1048576K
}
Event: 836.146 GC heap before
{Heap before GC invocations=32 (full 3):
 PSYoungGen      total 268288K, used 263054K [0x00000000e0000000, 0x00000000f1f00000, 0x0000000100000000)
  eden space 253952K, 100% used [0x00000000e0000000,0x00000000ef800000,0x00000000ef800000)
  from space 14336K, 63% used [0x00000000f1100000,0x00000000f19e3a78,0x00000000f1f00000)
  to   space 19968K, 0% used [0x00000000ef800000,0x00000000ef800000,0x00000000f0b80000)
 ParOldGen       total 72704K, used 51685K [0x00000000a0000000, 0x00000000a4700000, 0x00000000e0000000)
  object space 72704K, 71% used [0x00000000a0000000,0x00000000a3279540,0x00000000a4700000)
 Metaspace       used 82579K, capacity 85592K, committed 85632K, reserved 1124352K
  class space    used 10695K, capacity 11361K, committed 11392K, reserved 1048576K
Event: 836.158 GC heap after
Heap after GC invocations=32 (full 3):
 PSYoungGen      total 273920K, used 4865K [0x00000000e0000000, 0x00000000f4380000, 0x0000000100000000)
  eden space 253952K, 0% used [0x00000000e0000000,0x00000000e0000000,0x00000000ef800000)
  from space 19968K, 24% used [0x00000000ef800000,0x00000000efcc0678,0x00000000f0b80000)
  to   space 19968K, 0% used [0x00000000f3000000,0x00000000f3000000,0x00000000f4380000)
 ParOldGen       total 72704K, used 52932K [0x00000000a0000000, 0x00000000a4700000, 0x00000000e0000000)
  object space 72704K, 72% used [0x00000000a0000000,0x00000000a33b1230,0x00000000a4700000)
 Metaspace       used 82579K, capacity 85592K, committed 85632K, reserved 1124352K
  class space    used 10695K, capacity 11361K, committed 11392K, reserved 1048576K
}
Event: 840.217 GC heap before
{Heap before GC invocations=33 (full 3):
 PSYoungGen      total 273920K, used 258817K [0x00000000e0000000, 0x00000000f4380000, 0x0000000100000000)
  eden space 253952K, 100% used [0x00000000e0000000,0x00000000ef800000,0x00000000ef800000)
  from space 19968K, 24% used [0x00000000ef800000,0x00000000efcc0678,0x00000000f0b80000)
  to   space 19968K, 0% used [0x00000000f3000000,0x00000000f3000000,0x00000000f4380000)
 ParOldGen       total 72704K, used 52932K [0x00000000a0000000, 0x00000000a4700000, 0x00000000e0000000)
  object space 72704K, 72% used [0x00000000a0000000,0x00000000a33b1230,0x00000000a4700000)
 Metaspace       used 82873K, capacity 86024K, committed 86144K, reserved 1124352K
  class space    used 10710K, capacity 11389K, committed 11392K, reserved 1048576K
Event: 840.255 GC heap after
Heap after GC invocations=33 (full 3):
 PSYoungGen      total 307200K, used 17504K [0x00000000e0000000, 0x00000000f4380000, 0x0000000100000000)
  eden space 287232K, 0% used [0x00000000e0000000,0x00000000e0000000,0x00000000f1880000)
  from space 19968K, 87% used [0x00000000f3000000,0x00000000f4118390,0x00000000f4380000)
  to   space 22016K, 0% used [0x00000000f1880000,0x00000000f1880000,0x00000000f2e00000)
 ParOldGen       total 72704K, used 52964K [0x00000000a0000000, 0x00000000a4700000, 0x00000000e0000000)
  object space 72704K, 72% used [0x00000000a0000000,0x00000000a33b9230,0x00000000a4700000)
 Metaspace       used 82873K, capacity 86024K, committed 86144K, reserved 1124352K
  class space    used 10710K, capacity 11389K, committed 11392K, reserved 1048576K
}
Event: 1075.692 GC heap before
{Heap before GC invocations=34 (full 3):
 PSYoungGen      total 307200K, used 304736K [0x00000000e0000000, 0x00000000f4380000, 0x0000000100000000)
  eden space 287232K, 100% used [0x00000000e0000000,0x00000000f1880000,0x00000000f1880000)
  from space 19968K, 87% used [0x00000000f3000000,0x00000000f4118390,0x00000000f4380000)
  to   space 22016K, 0% used [0x00000000f1880000,0x00000000f1880000,0x00000000f2e00000)
 ParOldGen       total 72704K, used 52964K [0x00000000a0000000, 0x00000000a4700000, 0x00000000e0000000)
  object space 72704K, 72% used [0x00000000a0000000,0x00000000a33b9230,0x00000000a4700000)
 Metaspace       used 83266K, capacity 86614K, committed 86784K, reserved 1124352K
  class space    used 10734K, capacity 11432K, committed 11520K, reserved 1048576K
Event: 1075.706 GC heap after
Heap after GC invocations=34 (full 3):
 PSYoungGen      total 309248K, used 2875K [0x00000000e0000000, 0x00000000f6300000, 0x0000000100000000)
  eden space 287232K, 0% used [0x00000000e0000000,0x00000000e0000000,0x00000000f1880000)
  from space 22016K, 13% used [0x00000000f1880000,0x00000000f1b4ee70,0x00000000f2e00000)
  to   space 22016K, 0% used [0x00000000f4d80000,0x00000000f4d80000,0x00000000f6300000)
 ParOldGen       total 72704K, used 52972K [0x00000000a0000000, 0x00000000a4700000, 0x00000000e0000000)
  object space 72704K, 72% used [0x00000000a0000000,0x00000000a33bb230,0x00000000a4700000)
 Metaspace       used 83266K, capacity 86614K, committed 86784K, reserved 1124352K
  class space    used 10734K, capacity 11432K, committed 11520K, reserved 1048576K
}

