# JRE version: OpenJDK Runtime Environment (8.0_152-b01) (build 1.8.0_152-release-1248-b01)
# Java VM: OpenJDK 64-Bit Server VM (25.152-b01 mixed mode windows-amd64 compressed oops)
Heap:
 PSYoungGen      total 274944K, used 130443K [0x00000000e0000000, 0x00000000f5280000, 0x0000000100000000)
  eden space 257024K, 45% used [0x00000000e0000000,0x00000000e735d5b8,0x00000000efb00000)
  from space 17920K, 68% used [0x00000000efb00000,0x00000000f07058a0,0x00000000f0c80000)
  to   space 18432K, 0% used [0x00000000f4080000,0x00000000f4080000,0x00000000f5280000)
 ParOldGen       total 78848K, used 42732K [0x00000000a0000000, 0x00000000a4d00000, 0x00000000e0000000)
  object space 78848K, 54% used [0x00000000a0000000,0x00000000a29bb3e0,0x00000000a4d00000)
 Metaspace       used 82396K, capacity 84588K, committed 84888K, reserved 1122304K
  class space    used 10479K, capacity 11052K, committed 11168K, reserved 1048576K
GC Heap History (10 events):
Event: 26.666 GC heap before
{Heap before GC invocations=14 (full 2):
 PSYoungGen      total 156672K, used 123387K [0x00000000e0000000, 0x00000000eeb00000, 0x0000000100000000)
  eden space 144896K, 77% used [0x00000000e0000000,0x00000000e6d023b0,0x00000000e8d80000)
  from space 11776K, 99% used [0x00000000e8d80000,0x00000000e98fca78,0x00000000e9900000)
  to   space 15872K, 0% used [0x00000000edb80000,0x00000000edb80000,0x00000000eeb00000)
 ParOldGen       total 48128K, used 23473K [0x00000000a0000000, 0x00000000a2f00000, 0x00000000e0000000)
  object space 48128K, 48% used [0x00000000a0000000,0x00000000a16ec738,0x00000000a2f00000)
 Metaspace       used 57751K, capacity 59000K, committed 59160K, reserved 1099776K
  class space    used 7749K, capacity 8126K, committed 8224K, reserved 1048576K
Event: 26.732 GC heap after
Heap after GC invocations=14 (full 2):
 PSYoungGen      total 220672K, used 10668K [0x00000000e0000000, 0x00000000ee980000, 0x0000000100000000)
  eden space 206336K, 0% used [0x00000000e0000000,0x00000000e0000000,0x00000000ec980000)
  from space 14336K, 74% used [0x00000000edb80000,0x00000000ee5eb370,0x00000000ee980000)
  to   space 16384K, 0% used [0x00000000ec980000,0x00000000ec980000,0x00000000ed980000)
 ParOldGen       total 48128K, used 33248K [0x00000000a0000000, 0x00000000a2f00000, 0x00000000e0000000)
  object space 48128K, 69% used [0x00000000a0000000,0x00000000a2078398,0x00000000a2f00000)
 Metaspace       used 57751K, capacity 59000K, committed 59160K, reserved 1099776K
  class space    used 7749K, capacity 8126K, committed 8224K, reserved 1048576K
}
Event: 26.732 GC heap before
{Heap before GC invocations=15 (full 3):
 PSYoungGen      total 220672K, used 10668K [0x00000000e0000000, 0x00000000ee980000, 0x0000000100000000)
  eden space 206336K, 0% used [0x00000000e0000000,0x00000000e0000000,0x00000000ec980000)
  from space 14336K, 74% used [0x00000000edb80000,0x00000000ee5eb370,0x00000000ee980000)
  to   space 16384K, 0% used [0x00000000ec980000,0x00000000ec980000,0x00000000ed980000)
 ParOldGen       total 48128K, used 33248K [0x00000000a0000000, 0x00000000a2f00000, 0x00000000e0000000)
  object space 48128K, 69% used [0x00000000a0000000,0x00000000a2078398,0x00000000a2f00000)
 Metaspace       used 57751K, capacity 59000K, committed 59160K, reserved 1099776K
  class space    used 7749K, capacity 8126K, committed 8224K, reserved 1048576K
Event: 27.457 GC heap after
Heap after GC invocations=15 (full 3):
 PSYoungGen      total 220672K, used 0K [0x00000000e0000000, 0x00000000ee980000, 0x0000000100000000)
  eden space 206336K, 0% used [0x00000000e0000000,0x00000000e0000000,0x00000000ec980000)
  from space 14336K, 0% used [0x00000000edb80000,0x00000000edb80000,0x00000000ee980000)
  to   space 16384K, 0% used [0x00000000ec980000,0x00000000ec980000,0x00000000ed980000)
 ParOldGen       total 78848K, used 34579K [0x00000000a0000000, 0x00000000a4d00000, 0x00000000e0000000)
  object space 78848K, 43% used [0x00000000a0000000,0x00000000a21c4d70,0x00000000a4d00000)
 Metaspace       used 57751K, capacity 59000K, committed 59160K, reserved 1099776K
  class space    used 7749K, capacity 8126K, committed 8224K, reserved 1048576K
}
Event: 41.427 GC heap before
{Heap before GC invocations=16 (full 3):
 PSYoungGen      total 220672K, used 206336K [0x00000000e0000000, 0x00000000ee980000, 0x0000000100000000)
  eden space 206336K, 100% used [0x00000000e0000000,0x00000000ec980000,0x00000000ec980000)
  from space 14336K, 0% used [0x00000000edb80000,0x00000000edb80000,0x00000000ee980000)
  to   space 16384K, 0% used [0x00000000ec980000,0x00000000ec980000,0x00000000ed980000)
 ParOldGen       total 78848K, used 34579K [0x00000000a0000000, 0x00000000a4d00000, 0x00000000e0000000)
  object space 78848K, 43% used [0x00000000a0000000,0x00000000a21c4d70,0x00000000a4d00000)
 Metaspace       used 68858K, capacity 70796K, committed 71064K, reserved 1110016K
  class space    used 9064K, capacity 9555K, committed 9632K, reserved 1048576K
Event: 41.529 GC heap after
Heap after GC invocations=16 (full 3):
 PSYoungGen      total 222720K, used 16170K [0x00000000e0000000, 0x00000000f2880000, 0x0000000100000000)
  eden space 206336K, 0% used [0x00000000e0000000,0x00000000e0000000,0x00000000ec980000)
  from space 16384K, 98% used [0x00000000ec980000,0x00000000ed94a9a0,0x00000000ed980000)
  to   space 18944K, 0% used [0x00000000f1600000,0x00000000f1600000,0x00000000f2880000)
 ParOldGen       total 78848K, used 34587K [0x00000000a0000000, 0x00000000a4d00000, 0x00000000e0000000)
  object space 78848K, 43% used [0x00000000a0000000,0x00000000a21c6d70,0x00000000a4d00000)
 Metaspace       used 68858K, capacity 70796K, committed 71064K, reserved 1110016K
  class space    used 9064K, capacity 9555K, committed 9632K, reserved 1048576K
}
Event: 1351.771 GC heap before
{Heap before GC invocations=17 (full 3):
 PSYoungGen      total 222720K, used 222506K [0x00000000e0000000, 0x00000000f2880000, 0x0000000100000000)
  eden space 206336K, 100% used [0x00000000e0000000,0x00000000ec980000,0x00000000ec980000)
  from space 16384K, 98% used [0x00000000ec980000,0x00000000ed94a9a0,0x00000000ed980000)
  to   space 18944K, 0% used [0x00000000f1600000,0x00000000f1600000,0x00000000f2880000)
 ParOldGen       total 78848K, used 34587K [0x00000000a0000000, 0x00000000a4d00000, 0x00000000e0000000)
  object space 78848K, 43% used [0x00000000a0000000,0x00000000a21c6d70,0x00000000a4d00000)
 Metaspace       used 71178K, capacity 73290K, committed 73368K, reserved 1112064K
  class space    used 9290K, capacity 9823K, committed 9888K, reserved 1048576K
Event: 1351.818 GC heap after
Heap after GC invocations=17 (full 3):
 PSYoungGen      total 265216K, used 7119K [0x00000000e0000000, 0x00000000f1e00000, 0x0000000100000000)
  eden space 257024K, 0% used [0x00000000e0000000,0x00000000e0000000,0x00000000efb00000)
  from space 8192K, 86% used [0x00000000f1600000,0x00000000f1cf3d50,0x00000000f1e00000)
  to   space 17920K, 0% used [0x00000000efb00000,0x00000000efb00000,0x00000000f0c80000)
 ParOldGen       total 78848K, used 42724K [0x00000000a0000000, 0x00000000a4d00000, 0x00000000e0000000)
  object space 78848K, 54% used [0x00000000a0000000,0x00000000a29b93e0,0x00000000a4d00000)
 Metaspace       used 71178K, capacity 73290K, committed 73368K, reserved 1112064K
  class space    used 9290K, capacity 9823K, committed 9888K, reserved 1048576K
}
Event: 2142.792 GC heap before
{Heap before GC invocations=18 (full 3):
 PSYoungGen      total 265216K, used 264143K [0x00000000e0000000, 0x00000000f1e00000, 0x0000000100000000)
  eden space 257024K, 100% used [0x00000000e0000000,0x00000000efb00000,0x00000000efb00000)
  from space 8192K, 86% used [0x00000000f1600000,0x00000000f1cf3d50,0x00000000f1e00000)
  to   space 17920K, 0% used [0x00000000efb00000,0x00000000efb00000,0x00000000f0c80000)
 ParOldGen       total 78848K, used 42724K [0x00000000a0000000, 0x00000000a4d00000, 0x00000000e0000000)
  object space 78848K, 54% used [0x00000000a0000000,0x00000000a29b93e0,0x00000000a4d00000)
 Metaspace       used 76620K, capacity 78782K, committed 79000K, reserved 1118208K
  class space    used 9828K, capacity 10377K, committed 10400K, reserved 1048576K
Event: 2142.838 GC heap after
Heap after GC invocations=18 (full 3):
 PSYoungGen      total 274944K, used 12310K [0x00000000e0000000, 0x00000000f5280000, 0x0000000100000000)
  eden space 257024K, 0% used [0x00000000e0000000,0x00000000e0000000,0x00000000efb00000)
  from space 17920K, 68% used [0x00000000efb00000,0x00000000f07058a0,0x00000000f0c80000)
  to   space 18432K, 0% used [0x00000000f4080000,0x00000000f4080000,0x00000000f5280000)
 ParOldGen       total 78848K, used 42732K [0x00000000a0000000, 0x00000000a4d00000, 0x00000000e0000000)
  object space 78848K, 54% used [0x00000000a0000000,0x00000000a29bb3e0,0x00000000a4d00000)
 Metaspace       used 76620K, capacity 78782K, committed 79000K, reserved 1118208K
  class space    used 9828K, capacity 10377K, committed 10400K, reserved 1048576K
}

