# JRE version: OpenJDK Runtime Environment (8.0_152-b01) (build 1.8.0_152-release-1248-b01)
# Java VM: OpenJDK 64-Bit Server VM (25.152-b01 mixed mode windows-amd64 compressed oops)
Heap:
 PSYoungGen      total 173056K, used 116471K [0x00000000e0000000, 0x00000000ed380000, 0x0000000100000000)
  eden space 158720K, 64% used [0x00000000e0000000,0x00000000e63c26b8,0x00000000e9b00000)
  from space 14336K, 99% used [0x00000000e9b00000,0x00000000ea8fb608,0x00000000ea900000)
  to   space 17408K, 0% used [0x00000000ec280000,0x00000000ec280000,0x00000000ed380000)
 ParOldGen       total 74240K, used 36018K [0x00000000a0000000, 0x00000000a4880000, 0x00000000e0000000)
  object space 74240K, 48% used [0x00000000a0000000,0x00000000a232ca28,0x00000000a4880000)
 Metaspace       used 82098K, capacity 85178K, committed 85504K, reserved 1124352K
  class space    used 10765K, capacity 11442K, committed 11520K, reserved 1048576K
GC Heap History (10 events):
Event: 15.960 GC heap before
{Heap before GC invocations=20 (full 3):
 PSYoungGen      total 126464K, used 544K [0x00000000e0000000, 0x00000000ea680000, 0x0000000100000000)
  eden space 112128K, 0% used [0x00000000e0000000,0x00000000e0000000,0x00000000e6d80000)
  from space 14336K, 3% used [0x00000000e6d80000,0x00000000e6e08000,0x00000000e7b80000)
  to   space 14336K, 0% used [0x00000000e9880000,0x00000000e9880000,0x00000000ea680000)
 ParOldGen       total 50688K, used 41050K [0x00000000a0000000, 0x00000000a3180000, 0x00000000e0000000)
  object space 50688K, 80% used [0x00000000a0000000,0x00000000a2816a28,0x00000000a3180000)
 Metaspace       used 57395K, capacity 58936K, committed 59008K, reserved 1099776K
  class space    used 7825K, capacity 8253K, committed 8320K, reserved 1048576K
Event: 16.275 GC heap after
Heap after GC invocations=20 (full 3):
 PSYoungGen      total 126464K, used 0K [0x00000000e0000000, 0x00000000ea680000, 0x0000000100000000)
  eden space 112128K, 0% used [0x00000000e0000000,0x00000000e0000000,0x00000000e6d80000)
  from space 14336K, 0% used [0x00000000e6d80000,0x00000000e6d80000,0x00000000e7b80000)
  to   space 14336K, 0% used [0x00000000e9880000,0x00000000e9880000,0x00000000ea680000)
 ParOldGen       total 74240K, used 29043K [0x00000000a0000000, 0x00000000a4880000, 0x00000000e0000000)
  object space 74240K, 39% used [0x00000000a0000000,0x00000000a1c5cfe8,0x00000000a4880000)
 Metaspace       used 57395K, capacity 58936K, committed 59008K, reserved 1099776K
  class space    used 7825K, capacity 8253K, committed 8320K, reserved 1048576K
}
Event: 22.492 GC heap before
{Heap before GC invocations=21 (full 3):
 PSYoungGen      total 126464K, used 112128K [0x00000000e0000000, 0x00000000ea680000, 0x0000000100000000)
  eden space 112128K, 100% used [0x00000000e0000000,0x00000000e6d80000,0x00000000e6d80000)
  from space 14336K, 0% used [0x00000000e6d80000,0x00000000e6d80000,0x00000000e7b80000)
  to   space 14336K, 0% used [0x00000000e9880000,0x00000000e9880000,0x00000000ea680000)
 ParOldGen       total 74240K, used 29043K [0x00000000a0000000, 0x00000000a4880000, 0x00000000e0000000)
  object space 74240K, 39% used [0x00000000a0000000,0x00000000a1c5cfe8,0x00000000a4880000)
 Metaspace       used 60097K, capacity 61726K, committed 61824K, reserved 1101824K
  class space    used 8116K, capacity 8572K, committed 8576K, reserved 1048576K
Event: 22.510 GC heap after
Heap after GC invocations=21 (full 3):
 PSYoungGen      total 145920K, used 7880K [0x00000000e0000000, 0x00000000ea180000, 0x0000000100000000)
  eden space 136704K, 0% used [0x00000000e0000000,0x00000000e0000000,0x00000000e8580000)
  from space 9216K, 85% used [0x00000000e9880000,0x00000000ea0323d0,0x00000000ea180000)
  to   space 14336K, 0% used [0x00000000e8580000,0x00000000e8580000,0x00000000e9380000)
 ParOldGen       total 74240K, used 29051K [0x00000000a0000000, 0x00000000a4880000, 0x00000000e0000000)
  object space 74240K, 39% used [0x00000000a0000000,0x00000000a1c5efe8,0x00000000a4880000)
 Metaspace       used 60097K, capacity 61726K, committed 61824K, reserved 1101824K
  class space    used 8116K, capacity 8572K, committed 8576K, reserved 1048576K
}
Event: 25.199 GC heap before
{Heap before GC invocations=22 (full 3):
 PSYoungGen      total 145920K, used 144510K [0x00000000e0000000, 0x00000000ea180000, 0x0000000100000000)
  eden space 136704K, 99% used [0x00000000e0000000,0x00000000e856d6e8,0x00000000e8580000)
  from space 9216K, 85% used [0x00000000e9880000,0x00000000ea0323d0,0x00000000ea180000)
  to   space 14336K, 0% used [0x00000000e8580000,0x00000000e8580000,0x00000000e9380000)
 ParOldGen       total 74240K, used 29051K [0x00000000a0000000, 0x00000000a4880000, 0x00000000e0000000)
  object space 74240K, 39% used [0x00000000a0000000,0x00000000a1c5efe8,0x00000000a4880000)
 Metaspace       used 62398K, capacity 64216K, committed 64512K, reserved 1105920K
  class space    used 8405K, capacity 8867K, committed 8960K, reserved 1048576K
Event: 25.213 GC heap after
Heap after GC invocations=22 (full 3):
 PSYoungGen      total 151040K, used 5473K [0x00000000e0000000, 0x00000000eba00000, 0x0000000100000000)
  eden space 136704K, 0% used [0x00000000e0000000,0x00000000e0000000,0x00000000e8580000)
  from space 14336K, 38% used [0x00000000e8580000,0x00000000e8ad87b0,0x00000000e9380000)
  to   space 13824K, 0% used [0x00000000eac80000,0x00000000eac80000,0x00000000eba00000)
 ParOldGen       total 74240K, used 33072K [0x00000000a0000000, 0x00000000a4880000, 0x00000000e0000000)
  object space 74240K, 44% used [0x00000000a0000000,0x00000000a204c258,0x00000000a4880000)
 Metaspace       used 62398K, capacity 64216K, committed 64512K, reserved 1105920K
  class space    used 8405K, capacity 8867K, committed 8960K, reserved 1048576K
}
Event: 1404.844 GC heap before
{Heap before GC invocations=23 (full 3):
 PSYoungGen      total 151040K, used 142177K [0x00000000e0000000, 0x00000000eba00000, 0x0000000100000000)
  eden space 136704K, 100% used [0x00000000e0000000,0x00000000e8580000,0x00000000e8580000)
  from space 14336K, 38% used [0x00000000e8580000,0x00000000e8ad87b0,0x00000000e9380000)
  to   space 13824K, 0% used [0x00000000eac80000,0x00000000eac80000,0x00000000eba00000)
 ParOldGen       total 74240K, used 33072K [0x00000000a0000000, 0x00000000a4880000, 0x00000000e0000000)
  object space 74240K, 44% used [0x00000000a0000000,0x00000000a204c258,0x00000000a4880000)
 Metaspace       used 67460K, capacity 69652K, committed 69888K, reserved 1110016K
  class space    used 8927K, capacity 9427K, committed 9472K, reserved 1048576K
Event: 1405.086 GC heap after
Heap after GC invocations=23 (full 3):
 PSYoungGen      total 169472K, used 9848K [0x00000000e0000000, 0x00000000eb700000, 0x0000000100000000)
  eden space 158720K, 0% used [0x00000000e0000000,0x00000000e0000000,0x00000000e9b00000)
  from space 10752K, 91% used [0x00000000eac80000,0x00000000eb61e3f0,0x00000000eb700000)
  to   space 14336K, 0% used [0x00000000e9b00000,0x00000000e9b00000,0x00000000ea900000)
 ParOldGen       total 74240K, used 33080K [0x00000000a0000000, 0x00000000a4880000, 0x00000000e0000000)
  object space 74240K, 44% used [0x00000000a0000000,0x00000000a204e258,0x00000000a4880000)
 Metaspace       used 67460K, capacity 69652K, committed 69888K, reserved 1110016K
  class space    used 8927K, capacity 9427K, committed 9472K, reserved 1048576K
}
Event: 1414.642 GC heap before
{Heap before GC invocations=24 (full 3):
 PSYoungGen      total 169472K, used 168568K [0x00000000e0000000, 0x00000000eb700000, 0x0000000100000000)
  eden space 158720K, 100% used [0x00000000e0000000,0x00000000e9b00000,0x00000000e9b00000)
  from space 10752K, 91% used [0x00000000eac80000,0x00000000eb61e3f0,0x00000000eb700000)
  to   space 14336K, 0% used [0x00000000e9b00000,0x00000000e9b00000,0x00000000ea900000)
 ParOldGen       total 74240K, used 33080K [0x00000000a0000000, 0x00000000a4880000, 0x00000000e0000000)
  object space 74240K, 44% used [0x00000000a0000000,0x00000000a204e258,0x00000000a4880000)
 Metaspace       used 76074K, capacity 78476K, committed 78720K, reserved 1118208K
  class space    used 9948K, capacity 10533K, committed 10624K, reserved 1048576K
Event: 1414.718 GC heap after
Heap after GC invocations=24 (full 3):
 PSYoungGen      total 173056K, used 14317K [0x00000000e0000000, 0x00000000ed380000, 0x0000000100000000)
  eden space 158720K, 0% used [0x00000000e0000000,0x00000000e0000000,0x00000000e9b00000)
  from space 14336K, 99% used [0x00000000e9b00000,0x00000000ea8fb608,0x00000000ea900000)
  to   space 17408K, 0% used [0x00000000ec280000,0x00000000ec280000,0x00000000ed380000)
 ParOldGen       total 74240K, used 36018K [0x00000000a0000000, 0x00000000a4880000, 0x00000000e0000000)
  object space 74240K, 48% used [0x00000000a0000000,0x00000000a232ca28,0x00000000a4880000)
 Metaspace       used 76074K, capacity 78476K, committed 78720K, reserved 1118208K
  class space    used 9948K, capacity 10533K, committed 10624K, reserved 1048576K
}

