# JRE version: OpenJDK Runtime Environment (8.0_152-b01) (build 1.8.0_152-release-1248-b01)
# Java VM: OpenJDK 64-Bit Server VM (25.152-b01 mixed mode windows-amd64 compressed oops)
Heap:
 PSYoungGen      total 155648K, used 125899K [0x00000000e0000000, 0x00000000ebe00000, 0x0000000100000000)
  eden space 130560K, 85% used [0x00000000e0000000,0x00000000e6cd7a20,0x00000000e7f80000)
  from space 25088K, 57% used [0x00000000e7f80000,0x00000000e8d9b378,0x00000000e9800000)
  to   space 25600K, 0% used [0x00000000ea500000,0x00000000ea500000,0x00000000ebe00000)
 ParOldGen       total 121344K, used 43571K [0x00000000a0000000, 0x00000000a7680000, 0x00000000e0000000)
  object space 121344K, 35% used [0x00000000a0000000,0x00000000a2a8ce30,0x00000000a7680000)
 Metaspace       used 79803K, capacity 82532K, committed 82560K, reserved 1120256K
  class space    used 10526K, capacity 11125K, committed 11136K, reserved 1048576K
GC Heap History (10 events):
Event: 28.311 GC heap before
{Heap before GC invocations=21 (full 3):
 PSYoungGen      total 129024K, used 127423K [0x00000000e0000000, 0x00000000e9c00000, 0x0000000100000000)
  eden space 114688K, 99% used [0x00000000e0000000,0x00000000e6fa39b8,0x00000000e7000000)
  from space 14336K, 91% used [0x00000000e7000000,0x00000000e7ccc4c8,0x00000000e7e00000)
  to   space 15872K, 0% used [0x00000000e8c80000,0x00000000e8c80000,0x00000000e9c00000)
 ParOldGen       total 84480K, used 35473K [0x00000000a0000000, 0x00000000a5280000, 0x00000000e0000000)
  object space 84480K, 41% used [0x00000000a0000000,0x00000000a22a4768,0x00000000a5280000)
 Metaspace       used 67862K, capacity 70498K, committed 70784K, reserved 1110016K
  class space    used 9188K, capacity 9774K, committed 9856K, reserved 1048576K
Event: 28.413 GC heap after
Heap after GC invocations=21 (full 3):
 PSYoungGen      total 132608K, used 15863K [0x00000000e0000000, 0x00000000eb200000, 0x0000000100000000)
  eden space 116736K, 0% used [0x00000000e0000000,0x00000000e0000000,0x00000000e7200000)
  from space 15872K, 99% used [0x00000000e8c80000,0x00000000e9bfdcc0,0x00000000e9c00000)
  to   space 27136K, 0% used [0x00000000e7200000,0x00000000e7200000,0x00000000e8c80000)
 ParOldGen       total 84480K, used 59787K [0x00000000a0000000, 0x00000000a5280000, 0x00000000e0000000)
  object space 84480K, 70% used [0x00000000a0000000,0x00000000a3a62ec0,0x00000000a5280000)
 Metaspace       used 67862K, capacity 70498K, committed 70784K, reserved 1110016K
  class space    used 9188K, capacity 9774K, committed 9856K, reserved 1048576K
}
Event: 30.652 GC heap before
{Heap before GC invocations=22 (full 3):
 PSYoungGen      total 132608K, used 132599K [0x00000000e0000000, 0x00000000eb200000, 0x0000000100000000)
  eden space 116736K, 100% used [0x00000000e0000000,0x00000000e7200000,0x00000000e7200000)
  from space 15872K, 99% used [0x00000000e8c80000,0x00000000e9bfdcc0,0x00000000e9c00000)
  to   space 27136K, 0% used [0x00000000e7200000,0x00000000e7200000,0x00000000e8c80000)
 ParOldGen       total 84480K, used 59846K [0x00000000a0000000, 0x00000000a5280000, 0x00000000e0000000)
  object space 84480K, 70% used [0x00000000a0000000,0x00000000a3a71b20,0x00000000a5280000)
 Metaspace       used 69838K, capacity 72584K, committed 72832K, reserved 1112064K
  class space    used 9419K, capacity 10021K, committed 10112K, reserved 1048576K
Event: 30.691 GC heap after
Heap after GC invocations=22 (full 3):
 PSYoungGen      total 143872K, used 10811K [0x00000000e0000000, 0x00000000eb180000, 0x0000000100000000)
  eden space 116736K, 0% used [0x00000000e0000000,0x00000000e0000000,0x00000000e7200000)
  from space 27136K, 39% used [0x00000000e7200000,0x00000000e7c8ed50,0x00000000e8c80000)
  to   space 25600K, 0% used [0x00000000e9880000,0x00000000e9880000,0x00000000eb180000)
 ParOldGen       total 84480K, used 75111K [0x00000000a0000000, 0x00000000a5280000, 0x00000000e0000000)
  object space 84480K, 88% used [0x00000000a0000000,0x00000000a4959fc0,0x00000000a5280000)
 Metaspace       used 69838K, capacity 72584K, committed 72832K, reserved 1112064K
  class space    used 9419K, capacity 10021K, committed 10112K, reserved 1048576K
}
Event: 30.691 GC heap before
{Heap before GC invocations=23 (full 4):
 PSYoungGen      total 143872K, used 10811K [0x00000000e0000000, 0x00000000eb180000, 0x0000000100000000)
  eden space 116736K, 0% used [0x00000000e0000000,0x00000000e0000000,0x00000000e7200000)
  from space 27136K, 39% used [0x00000000e7200000,0x00000000e7c8ed50,0x00000000e8c80000)
  to   space 25600K, 0% used [0x00000000e9880000,0x00000000e9880000,0x00000000eb180000)
 ParOldGen       total 84480K, used 75111K [0x00000000a0000000, 0x00000000a5280000, 0x00000000e0000000)
  object space 84480K, 88% used [0x00000000a0000000,0x00000000a4959fc0,0x00000000a5280000)
 Metaspace       used 69838K, capacity 72584K, committed 72832K, reserved 1112064K
  class space    used 9419K, capacity 10021K, committed 10112K, reserved 1048576K
Event: 30.871 GC heap after
Heap after GC invocations=23 (full 4):
 PSYoungGen      total 143872K, used 0K [0x00000000e0000000, 0x00000000eb180000, 0x0000000100000000)
  eden space 116736K, 0% used [0x00000000e0000000,0x00000000e0000000,0x00000000e7200000)
  from space 27136K, 0% used [0x00000000e7200000,0x00000000e7200000,0x00000000e8c80000)
  to   space 25600K, 0% used [0x00000000e9880000,0x00000000e9880000,0x00000000eb180000)
 ParOldGen       total 121344K, used 43552K [0x00000000a0000000, 0x00000000a7680000, 0x00000000e0000000)
  object space 121344K, 35% used [0x00000000a0000000,0x00000000a2a88300,0x00000000a7680000)
 Metaspace       used 69642K, capacity 72022K, committed 72832K, reserved 1112064K
  class space    used 9352K, capacity 9904K, committed 10112K, reserved 1048576K
}
Event: 31.765 GC heap before
{Heap before GC invocations=24 (full 4):
 PSYoungGen      total 143872K, used 116736K [0x00000000e0000000, 0x00000000eb180000, 0x0000000100000000)
  eden space 116736K, 100% used [0x00000000e0000000,0x00000000e7200000,0x00000000e7200000)
  from space 27136K, 0% used [0x00000000e7200000,0x00000000e7200000,0x00000000e8c80000)
  to   space 25600K, 0% used [0x00000000e9880000,0x00000000e9880000,0x00000000eb180000)
 ParOldGen       total 121344K, used 43555K [0x00000000a0000000, 0x00000000a7680000, 0x00000000e0000000)
  object space 121344K, 35% used [0x00000000a0000000,0x00000000a2a88e30,0x00000000a7680000)
 Metaspace       used 69855K, capacity 72336K, committed 73088K, reserved 1112064K
  class space    used 9394K, capacity 9957K, committed 10112K, reserved 1048576K
Event: 31.772 GC heap after
Heap after GC invocations=24 (full 4):
 PSYoungGen      total 155136K, used 4609K [0x00000000e0000000, 0x00000000eb080000, 0x0000000100000000)
  eden space 130560K, 0% used [0x00000000e0000000,0x00000000e0000000,0x00000000e7f80000)
  from space 24576K, 18% used [0x00000000e9880000,0x00000000e9d006c8,0x00000000eb080000)
  to   space 25088K, 0% used [0x00000000e7f80000,0x00000000e7f80000,0x00000000e9800000)
 ParOldGen       total 121344K, used 43563K [0x00000000a0000000, 0x00000000a7680000, 0x00000000e0000000)
  object space 121344K, 35% used [0x00000000a0000000,0x00000000a2a8ae30,0x00000000a7680000)
 Metaspace       used 69855K, capacity 72336K, committed 73088K, reserved 1112064K
  class space    used 9394K, capacity 9957K, committed 10112K, reserved 1048576K
}
Event: 166.632 GC heap before
{Heap before GC invocations=25 (full 4):
 PSYoungGen      total 155136K, used 135169K [0x00000000e0000000, 0x00000000eb080000, 0x0000000100000000)
  eden space 130560K, 100% used [0x00000000e0000000,0x00000000e7f80000,0x00000000e7f80000)
  from space 24576K, 18% used [0x00000000e9880000,0x00000000e9d006c8,0x00000000eb080000)
  to   space 25088K, 0% used [0x00000000e7f80000,0x00000000e7f80000,0x00000000e9800000)
 ParOldGen       total 121344K, used 43563K [0x00000000a0000000, 0x00000000a7680000, 0x00000000e0000000)
  object space 121344K, 35% used [0x00000000a0000000,0x00000000a2a8ae30,0x00000000a7680000)
 Metaspace       used 75192K, capacity 77936K, committed 78208K, reserved 1116160K
  class space    used 9973K, capacity 10575K, committed 10624K, reserved 1048576K
Event: 166.664 GC heap after
Heap after GC invocations=25 (full 4):
 PSYoungGen      total 155648K, used 14444K [0x00000000e0000000, 0x00000000ebe00000, 0x0000000100000000)
  eden space 130560K, 0% used [0x00000000e0000000,0x00000000e0000000,0x00000000e7f80000)
  from space 25088K, 57% used [0x00000000e7f80000,0x00000000e8d9b378,0x00000000e9800000)
  to   space 25600K, 0% used [0x00000000ea500000,0x00000000ea500000,0x00000000ebe00000)
 ParOldGen       total 121344K, used 43571K [0x00000000a0000000, 0x00000000a7680000, 0x00000000e0000000)
  object space 121344K, 35% used [0x00000000a0000000,0x00000000a2a8ce30,0x00000000a7680000)
 Metaspace       used 75192K, capacity 77936K, committed 78208K, reserved 1116160K
  class space    used 9973K, capacity 10575K, committed 10624K, reserved 1048576K
}

