# JRE version: OpenJDK Runtime Environment (8.0_152-b01) (build 1.8.0_152-release-1248-b01)
# Java VM: OpenJDK 64-Bit Server VM (25.152-b01 mixed mode windows-amd64 compressed oops)
Heap:
 PSYoungGen      total 128512K, used 19154K [0x00000000e0000000, 0x00000000e9c00000, 0x0000000100000000)
  eden space 114688K, 4% used [0x00000000e0000000,0x00000000e053af20,0x00000000e7000000)
  from space 13824K, 99% used [0x00000000e7000000,0x00000000e7d79a60,0x00000000e7d80000)
  to   space 15872K, 0% used [0x00000000e8c80000,0x00000000e8c80000,0x00000000e9c00000)
 ParOldGen       total 50688K, used 35356K [0x00000000a0000000, 0x00000000a3180000, 0x00000000e0000000)
  object space 50688K, 69% used [0x00000000a0000000,0x00000000a2287120,0x00000000a3180000)
 Metaspace       used 61578K, capacity 63200K, committed 63232K, reserved 1103872K
  class space    used 8270K, capacity 8673K, committed 8704K, reserved 1048576K
GC Heap History (10 events):
Event: 15.865 GC heap before
{Heap before GC invocations=16 (full 2):
 PSYoungGen      total 80896K, used 74240K [0x00000000e0000000, 0x00000000e7700000, 0x0000000100000000)
  eden space 74240K, 100% used [0x00000000e0000000,0x00000000e4880000,0x00000000e4880000)
  from space 6656K, 0% used [0x00000000e4880000,0x00000000e4880000,0x00000000e4f00000)
  to   space 7680K, 0% used [0x00000000e6f80000,0x00000000e6f80000,0x00000000e7700000)
 ParOldGen       total 50688K, used 17578K [0x00000000a0000000, 0x00000000a3180000, 0x00000000e0000000)
  object space 50688K, 34% used [0x00000000a0000000,0x00000000a112a8f0,0x00000000a3180000)
 Metaspace       used 41950K, capacity 42686K, committed 43136K, reserved 1087488K
  class space    used 5645K, capacity 5905K, committed 6016K, reserved 1048576K
Event: 15.893 GC heap after
Heap after GC invocations=16 (full 2):
 PSYoungGen      total 101888K, used 7665K [0x00000000e0000000, 0x00000000e7700000, 0x0000000100000000)
  eden space 94208K, 0% used [0x00000000e0000000,0x00000000e0000000,0x00000000e5c00000)
  from space 7680K, 99% used [0x00000000e6f80000,0x00000000e76fc6f0,0x00000000e7700000)
  to   space 9728K, 0% used [0x00000000e6400000,0x00000000e6400000,0x00000000e6d80000)
 ParOldGen       total 50688K, used 21648K [0x00000000a0000000, 0x00000000a3180000, 0x00000000e0000000)
  object space 50688K, 42% used [0x00000000a0000000,0x00000000a1524288,0x00000000a3180000)
 Metaspace       used 41950K, capacity 42686K, committed 43136K, reserved 1087488K
  class space    used 5645K, capacity 5905K, committed 6016K, reserved 1048576K
}
Event: 18.471 GC heap before
{Heap before GC invocations=17 (full 2):
 PSYoungGen      total 101888K, used 101873K [0x00000000e0000000, 0x00000000e7700000, 0x0000000100000000)
  eden space 94208K, 100% used [0x00000000e0000000,0x00000000e5c00000,0x00000000e5c00000)
  from space 7680K, 99% used [0x00000000e6f80000,0x00000000e76fc6f0,0x00000000e7700000)
  to   space 9728K, 0% used [0x00000000e6400000,0x00000000e6400000,0x00000000e6d80000)
 ParOldGen       total 50688K, used 21648K [0x00000000a0000000, 0x00000000a3180000, 0x00000000e0000000)
  object space 50688K, 42% used [0x00000000a0000000,0x00000000a1524288,0x00000000a3180000)
 Metaspace       used 49280K, capacity 50256K, committed 50560K, reserved 1093632K
  class space    used 6612K, capacity 6913K, committed 7040K, reserved 1048576K
Event: 18.498 GC heap after
Heap after GC invocations=17 (full 2):
 PSYoungGen      total 112128K, used 8103K [0x00000000e0000000, 0x00000000e8800000, 0x0000000100000000)
  eden space 102400K, 0% used [0x00000000e0000000,0x00000000e0000000,0x00000000e6400000)
  from space 9728K, 83% used [0x00000000e6400000,0x00000000e6be9e50,0x00000000e6d80000)
  to   space 10752K, 0% used [0x00000000e7d80000,0x00000000e7d80000,0x00000000e8800000)
 ParOldGen       total 50688K, used 27813K [0x00000000a0000000, 0x00000000a3180000, 0x00000000e0000000)
  object space 50688K, 54% used [0x00000000a0000000,0x00000000a1b29420,0x00000000a3180000)
 Metaspace       used 49280K, capacity 50256K, committed 50560K, reserved 1093632K
  class space    used 6612K, capacity 6913K, committed 7040K, reserved 1048576K
}
Event: 21.280 GC heap before
{Heap before GC invocations=18 (full 2):
 PSYoungGen      total 112128K, used 110503K [0x00000000e0000000, 0x00000000e8800000, 0x0000000100000000)
  eden space 102400K, 100% used [0x00000000e0000000,0x00000000e6400000,0x00000000e6400000)
  from space 9728K, 83% used [0x00000000e6400000,0x00000000e6be9e50,0x00000000e6d80000)
  to   space 10752K, 0% used [0x00000000e7d80000,0x00000000e7d80000,0x00000000e8800000)
 ParOldGen       total 50688K, used 27813K [0x00000000a0000000, 0x00000000a3180000, 0x00000000e0000000)
  object space 50688K, 54% used [0x00000000a0000000,0x00000000a1b29420,0x00000000a3180000)
 Metaspace       used 57375K, capacity 58918K, committed 59008K, reserved 1099776K
  class space    used 7840K, capacity 8262K, committed 8320K, reserved 1048576K
Event: 21.315 GC heap after
Heap after GC invocations=18 (full 2):
 PSYoungGen      total 125440K, used 10741K [0x00000000e0000000, 0x00000000e9680000, 0x0000000100000000)
  eden space 114688K, 0% used [0x00000000e0000000,0x00000000e0000000,0x00000000e7000000)
  from space 10752K, 99% used [0x00000000e7d80000,0x00000000e87fd788,0x00000000e8800000)
  to   space 13824K, 0% used [0x00000000e7000000,0x00000000e7000000,0x00000000e7d80000)
 ParOldGen       total 50688K, used 32357K [0x00000000a0000000, 0x00000000a3180000, 0x00000000e0000000)
  object space 50688K, 63% used [0x00000000a0000000,0x00000000a1f99718,0x00000000a3180000)
 Metaspace       used 57375K, capacity 58918K, committed 59008K, reserved 1099776K
  class space    used 7840K, capacity 8262K, committed 8320K, reserved 1048576K
}
Event: 21.315 GC heap before
{Heap before GC invocations=19 (full 3):
 PSYoungGen      total 125440K, used 10741K [0x00000000e0000000, 0x00000000e9680000, 0x0000000100000000)
  eden space 114688K, 0% used [0x00000000e0000000,0x00000000e0000000,0x00000000e7000000)
  from space 10752K, 99% used [0x00000000e7d80000,0x00000000e87fd788,0x00000000e8800000)
  to   space 13824K, 0% used [0x00000000e7000000,0x00000000e7000000,0x00000000e7d80000)
 ParOldGen       total 50688K, used 32357K [0x00000000a0000000, 0x00000000a3180000, 0x00000000e0000000)
  object space 50688K, 63% used [0x00000000a0000000,0x00000000a1f99718,0x00000000a3180000)
 Metaspace       used 57375K, capacity 58918K, committed 59008K, reserved 1099776K
  class space    used 7840K, capacity 8262K, committed 8320K, reserved 1048576K
Event: 21.698 GC heap after
Heap after GC invocations=19 (full 3):
 PSYoungGen      total 125440K, used 0K [0x00000000e0000000, 0x00000000e9680000, 0x0000000100000000)
  eden space 114688K, 0% used [0x00000000e0000000,0x00000000e0000000,0x00000000e7000000)
  from space 10752K, 0% used [0x00000000e7d80000,0x00000000e7d80000,0x00000000e8800000)
  to   space 13824K, 0% used [0x00000000e7000000,0x00000000e7000000,0x00000000e7d80000)
 ParOldGen       total 50688K, used 34760K [0x00000000a0000000, 0x00000000a3180000, 0x00000000e0000000)
  object space 50688K, 68% used [0x00000000a0000000,0x00000000a21f2088,0x00000000a3180000)
 Metaspace       used 57375K, capacity 58918K, committed 59008K, reserved 1099776K
  class space    used 7840K, capacity 8262K, committed 8320K, reserved 1048576K
}
Event: 27.980 GC heap before
{Heap before GC invocations=20 (full 3):
 PSYoungGen      total 125440K, used 114688K [0x00000000e0000000, 0x00000000e9680000, 0x0000000100000000)
  eden space 114688K, 100% used [0x00000000e0000000,0x00000000e7000000,0x00000000e7000000)
  from space 10752K, 0% used [0x00000000e7d80000,0x00000000e7d80000,0x00000000e8800000)
  to   space 13824K, 0% used [0x00000000e7000000,0x00000000e7000000,0x00000000e7d80000)
 ParOldGen       total 50688K, used 34760K [0x00000000a0000000, 0x00000000a3180000, 0x00000000e0000000)
  object space 50688K, 68% used [0x00000000a0000000,0x00000000a21f2088,0x00000000a3180000)
 Metaspace       used 60155K, capacity 61820K, committed 62080K, reserved 1103872K
  class space    used 8116K, capacity 8511K, committed 8576K, reserved 1048576K
Event: 28.014 GC heap after
Heap after GC invocations=20 (full 3):
 PSYoungGen      total 128512K, used 13798K [0x00000000e0000000, 0x00000000e9c00000, 0x0000000100000000)
  eden space 114688K, 0% used [0x00000000e0000000,0x00000000e0000000,0x00000000e7000000)
  from space 13824K, 99% used [0x00000000e7000000,0x00000000e7d79a60,0x00000000e7d80000)
  to   space 15872K, 0% used [0x00000000e8c80000,0x00000000e8c80000,0x00000000e9c00000)
 ParOldGen       total 50688K, used 35356K [0x00000000a0000000, 0x00000000a3180000, 0x00000000e0000000)
  object space 50688K, 69% used [0x00000000a0000000,0x00000000a2287120,0x00000000a3180000)
 Metaspace       used 60155K, capacity 61820K, committed 62080K, reserved 1103872K
  class space    used 8116K, capacity 8511K, committed 8576K, reserved 1048576K
}

